#
# There is insufficient memory for the Java Runtime Environment to continue.
# Native memory allocation (malloc) failed to allocate 1046016 bytes for Chunk::new
# Possible reasons:
#   The system is out of physical RAM or swap space
#   The process is running with CompressedOops enabled, and the Java Heap may be blocking the growth of the native heap
# Possible solutions:
#   Reduce memory load on the system
#   Increase physical memory or swap space
#   Check if swap backing store is full
#   Decrease Java heap size (-Xmx/-Xms)
#   Decrease number of Java threads
#   Decrease Java thread stack sizes (-Xss)
#   Set larger code cache with -XX:ReservedCodeCacheSize=
#   JVM is running with Unscaled Compressed Oops mode in which the Java heap is
#     placed in the first 4GB address space. The Java Heap base address is the
#     maximum limit for the native heap growth. Please use -XX:HeapBaseMinAddress
#     to set the Java Heap base and to place the Java Heap above 4GB virtual address.
# This output file may be truncated or incomplete.
#
#  Out of Memory Error (./src/hotspot/share/memory/arena.cpp:197), pid=18044, tid=9656
#
# JRE version: OpenJDK Runtime Environment (11.0.12+7) (build 11.0.12+7-b1504.28-7817840)
# Java VM: OpenJDK 64-Bit Server VM (11.0.12+7-b1504.28-7817840, mixed mode, tiered, compressed oops, g1 gc, windows-amd64)
# No core dump will be written. Minidumps are not enabled by default on client versions of Windows
#

---------------  S U M M A R Y ------------

Command Line: --add-opens=java.base/java.util=ALL-UNNAMED --add-opens=java.base/java.lang=ALL-UNNAMED --add-opens=java.base/java.lang.invoke=ALL-UNNAMED --add-opens=java.base/java.util=ALL-UNNAMED --add-opens=java.prefs/java.util.prefs=ALL-UNNAMED --add-opens=java.prefs/java.util.prefs=ALL-UNNAMED --add-opens=java.base/java.nio.charset=ALL-UNNAMED --add-opens=java.base/java.net=ALL-UNNAMED --add-opens=java.base/java.util.concurrent.atomic=ALL-UNNAMED -Xmx2048m -Dfile.encoding=UTF-8 -Duser.country=US -Duser.language=en -Duser.variant org.gradle.launcher.daemon.bootstrap.GradleDaemon 7.3.3

Host: Intel(R) Core(TM) i7-10750H CPU @ 2.60GHz, 12 cores, 15G,  Windows 10 , 64 bit Build 19041 (10.0.19041.1706)
Time: Sun Aug 28 07:14:38 2022 Egypt Standard Time elapsed time: 2443.066925 seconds (0d 0h 40m 43s)

---------------  T H R E A D  ---------------

Current thread (0x0000016f7f6a4000):  JavaThread "C2 CompilerThread0" daemon [_thread_in_native, id=9656, stack(0x0000005931400000,0x0000005931500000)]


Current CompileTask:
C2:2443067 30511       4       org.gradle.api.internal.artifacts.ivyservice.resolveengine.artifact.DefaultArtifactSet::toResolvedVariant (42 bytes)

Stack: [0x0000005931400000,0x0000005931500000]
Native frames: (J=compiled Java code, j=interpreted, Vv=VM code, C=native code)
V  [jvm.dll+0x5fbcea]
V  [jvm.dll+0x731905]
V  [jvm.dll+0x732f1d]
V  [jvm.dll+0x7335d3]
V  [jvm.dll+0x247bf8]
V  [jvm.dll+0xc018c]
V  [jvm.dll+0xc06cc]
V  [jvm.dll+0x2bcc04]
V  [jvm.dll+0x5113a8]
V  [jvm.dll+0x208303]
V  [jvm.dll+0x201fe0]
V  [jvm.dll+0x1ff71f]
V  [jvm.dll+0x18868c]
V  [jvm.dll+0x20e0d7]
V  [jvm.dll+0x20c901]
V  [jvm.dll+0x6f9b7f]
V  [jvm.dll+0x6f26a5]
V  [jvm.dll+0x5fabf6]
C  [ucrtbase.dll+0x21bb2]
C  [KERNEL32.DLL+0x17034]
C  [ntdll.dll+0x52651]


---------------  P R O C E S S  ---------------

Threads class SMR info:
_java_thread_list=0x0000016f0dfe3ed0, length=105, elements={
0x0000016f69d0a000, 0x0000016f7f63b000, 0x0000016f7f644800, 0x0000016f7f69b000,
0x0000016f7f69d000, 0x0000016f7f69f000, 0x0000016f7f6a4000, 0x0000016f7f6a5800,
0x0000016f7f6a6800, 0x0000016f7f81d800, 0x0000016f08daf800, 0x0000016f08db1800,
0x0000016f08db0800, 0x0000016f07fd5000, 0x0000016f07fd2000, 0x0000016f07fd6000,
0x0000016f07fd8800, 0x0000016f07fd3800, 0x0000016f07fdb800, 0x0000016f07fdc800,
0x0000016f07fdd800, 0x0000016f07fde000, 0x0000016f07fe0000, 0x0000016f0cc12000,
0x0000016f0cc0f800, 0x0000016f0cc0c800, 0x0000016f0cc13800, 0x0000016f0cc14800,
0x0000016f0cc15800, 0x0000016f0cc17000, 0x0000016f0cc16000, 0x0000016f0cc18000,
0x0000016f0cc18800, 0x0000016f0cd87800, 0x0000016f0cd93000, 0x0000016f0cd96800,
0x0000016f0cd9e000, 0x0000016f0cd9d000, 0x0000016f0cda3800, 0x0000016f0e36b800,
0x0000016f0cd9f800, 0x0000016f07fd4800, 0x0000016f0cd9e800, 0x0000016f0cd9b800,
0x0000016f0cd92800, 0x0000016f134da000, 0x0000016f0e37e000, 0x0000016f0e374800,
0x0000016f0e37d800, 0x0000016f0e37a000, 0x0000016f10eb9000, 0x0000016f0e37b000,
0x0000016f10eb7000, 0x0000016f0e372800, 0x0000016f10ebc000, 0x0000016f10ec2000,
0x0000016f0e37f000, 0x0000016f084f2000, 0x0000016f084ff000, 0x0000016f0e377800,
0x0000016f084f7000, 0x0000016f0e369000, 0x0000016f0e360000, 0x0000016f0e36e800,
0x0000016f0cd99000, 0x0000016f0e366800, 0x0000016f08500000, 0x0000016f12d0a800,
0x0000016f12d12800, 0x0000016f0e360800, 0x0000016f084f9800, 0x0000016f084f6800,
0x0000016f084f8800, 0x0000016f084f3000, 0x0000016f0cd91800, 0x0000016f0cc1a000,
0x0000016f10ed4800, 0x0000016f0cd8c000, 0x0000016f0cd86000, 0x0000016f0cd89800,
0x0000016f0cd8b000, 0x0000016f0cd8c800, 0x0000016f0cd87000, 0x0000016f0cd90800,
0x0000016f0cd95800, 0x0000016f0cd95000, 0x0000016f0cd97800, 0x0000016f0cd98000,
0x0000016f0cd99800, 0x0000016f0cd94000, 0x0000016f0cd9c000, 0x0000016f0cda0000,
0x0000016f0cd9a800, 0x0000016f0cda5000, 0x0000016f0cda1000, 0x0000016f0cda2000,
0x0000016f0cda2800, 0x0000016f0cda4800, 0x0000016f134c4000, 0x0000016f134c5000,
0x0000016f134c8000, 0x0000016f134ca800, 0x0000016f134cb800, 0x0000016f134c9000,
0x0000016f134c6800
}

Java Threads: ( => current thread )
  0x0000016f69d0a000 JavaThread "main" [_thread_blocked, id=3796, stack(0x0000005930800000,0x0000005930900000)]
  0x0000016f7f63b000 JavaThread "Reference Handler" daemon [_thread_blocked, id=18108, stack(0x0000005930f00000,0x0000005931000000)]
  0x0000016f7f644800 JavaThread "Finalizer" daemon [_thread_blocked, id=11680, stack(0x0000005931000000,0x0000005931100000)]
  0x0000016f7f69b000 JavaThread "Signal Dispatcher" daemon [_thread_blocked, id=8856, stack(0x0000005931100000,0x0000005931200000)]
  0x0000016f7f69d000 JavaThread "Attach Listener" daemon [_thread_blocked, id=9696, stack(0x0000005931200000,0x0000005931300000)]
  0x0000016f7f69f000 JavaThread "Service Thread" daemon [_thread_blocked, id=14616, stack(0x0000005931300000,0x0000005931400000)]
=>0x0000016f7f6a4000 JavaThread "C2 CompilerThread0" daemon [_thread_in_native, id=9656, stack(0x0000005931400000,0x0000005931500000)]
  0x0000016f7f6a5800 JavaThread "C1 CompilerThread0" daemon [_thread_blocked, id=4760, stack(0x0000005931500000,0x0000005931600000)]
  0x0000016f7f6a6800 JavaThread "Sweeper thread" daemon [_thread_blocked, id=8212, stack(0x0000005931600000,0x0000005931700000)]
  0x0000016f7f81d800 JavaThread "Common-Cleaner" daemon [_thread_blocked, id=5036, stack(0x0000005931700000,0x0000005931800000)]
  0x0000016f08daf800 JavaThread "Daemon health stats" [_thread_blocked, id=19820, stack(0x0000005932000000,0x0000005932100000)]
  0x0000016f08db1800 JavaThread "Incoming local TCP Connector on port 12590" [_thread_in_native, id=19816, stack(0x0000005931900000,0x0000005931a00000)]
  0x0000016f08db0800 JavaThread "Daemon periodic checks" [_thread_blocked, id=10740, stack(0x0000005932100000,0x0000005932200000)]
  0x0000016f07fd5000 JavaThread "Cache worker for journal cache (C:\Users\diaah\.gradle\caches\journal-1)" [_thread_blocked, id=5660, stack(0x0000005932900000,0x0000005932a00000)]
  0x0000016f07fd2000 JavaThread "File lock request listener" [_thread_in_native, id=7372, stack(0x0000005932a00000,0x0000005932b00000)]
  0x0000016f07fd6000 JavaThread "Cache worker for file hash cache (C:\Users\diaah\.gradle\caches\7.3.3\fileHashes)" [_thread_blocked, id=9488, stack(0x0000005932b00000,0x0000005932c00000)]
  0x0000016f07fd8800 JavaThread "File watcher server" daemon [_thread_in_native, id=2668, stack(0x0000005933400000,0x0000005933500000)]
  0x0000016f07fd3800 JavaThread "File watcher consumer" daemon [_thread_blocked, id=15144, stack(0x0000005933500000,0x0000005933600000)]
  0x0000016f07fdb800 JavaThread "Cache worker for execution history cache (C:\Users\diaah\.gradle\caches\7.3.3\executionHistory)" [_thread_blocked, id=13592, stack(0x0000005933900000,0x0000005933a00000)]
  0x0000016f07fdc800 JavaThread "jar transforms" [_thread_blocked, id=18100, stack(0x0000005933a00000,0x0000005933b00000)]
  0x0000016f07fdd800 JavaThread "Cache worker for file content cache (C:\Users\diaah\.gradle\caches\7.3.3\fileContent)" [_thread_blocked, id=6460, stack(0x0000005933b00000,0x0000005933c00000)]
  0x0000016f07fde000 JavaThread "jar transforms Thread 2" [_thread_blocked, id=10632, stack(0x0000005933c00000,0x0000005933d00000)]
  0x0000016f07fe0000 JavaThread "jar transforms Thread 3" [_thread_blocked, id=16056, stack(0x0000005933e00000,0x0000005933f00000)]
  0x0000016f0cc12000 JavaThread "jar transforms Thread 4" [_thread_blocked, id=16076, stack(0x000000593b800000,0x000000593b900000)]
  0x0000016f0cc0f800 JavaThread "jar transforms Thread 5" [_thread_blocked, id=17052, stack(0x000000593b900000,0x000000593ba00000)]
  0x0000016f0cc0c800 JavaThread "jar transforms Thread 6" [_thread_blocked, id=10956, stack(0x000000593ba00000,0x000000593bb00000)]
  0x0000016f0cc13800 JavaThread "jar transforms Thread 7" [_thread_blocked, id=8224, stack(0x000000593bb00000,0x000000593bc00000)]
  0x0000016f0cc14800 JavaThread "jar transforms Thread 8" [_thread_blocked, id=18148, stack(0x000000593bc00000,0x000000593bd00000)]
  0x0000016f0cc15800 JavaThread "jar transforms Thread 9" [_thread_blocked, id=6776, stack(0x000000593bd00000,0x000000593be00000)]
  0x0000016f0cc17000 JavaThread "jar transforms Thread 10" [_thread_blocked, id=4308, stack(0x000000593be00000,0x000000593bf00000)]
  0x0000016f0cc16000 JavaThread "jar transforms Thread 11" [_thread_blocked, id=6868, stack(0x000000593bf00000,0x000000593c000000)]
  0x0000016f0cc18000 JavaThread "jar transforms Thread 12" [_thread_blocked, id=19628, stack(0x000000593c000000,0x000000593c100000)]
  0x0000016f0cc18800 JavaThread "Memory manager" [_thread_blocked, id=4480, stack(0x000000593c100000,0x000000593c200000)]
  0x0000016f0cd87800 JavaThread "pool-3-thread-1" [_thread_blocked, id=4644, stack(0x000000593c400000,0x000000593c500000)]
  0x0000016f0cd93000 JavaThread "RMI Scheduler(0)" daemon [_thread_blocked, id=13136, stack(0x0000005931f00000,0x0000005932000000)]
  0x0000016f0cd96800 JavaThread "RMI GC Daemon" daemon [_thread_blocked, id=15228, stack(0x000000593d200000,0x000000593d300000)]
  0x0000016f0cd9e000 JavaThread "RMI TCP Accept-0" daemon [_thread_in_native, id=18400, stack(0x000000593de00000,0x000000593df00000)]
  0x0000016f0cd9d000 JavaThread "RMI Reaper" [_thread_blocked, id=13536, stack(0x000000593df00000,0x000000593e000000)]
  0x0000016f0cda3800 JavaThread "Cache worker for Java compile cache (C:\Users\diaah\.gradle\caches\7.3.3\javaCompile)" [_thread_blocked, id=18588, stack(0x000000593e400000,0x000000593e500000)]
  0x0000016f0e36b800 JavaThread "pool-8-thread-1" [_thread_blocked, id=11460, stack(0x000000593c500000,0x000000593c600000)]
  0x0000016f0cd9f800 JavaThread "pool-13-thread-1" [_thread_blocked, id=17216, stack(0x000000593ca00000,0x000000593cb00000)]
  0x0000016f07fd4800 JavaThread "ForkJoinPool.commonPool-worker-15" daemon [_thread_blocked, id=12164, stack(0x000000593ed00000,0x000000593ee00000)]
  0x0000016f0cd9e800 JavaThread "pool-17-thread-1" [_thread_blocked, id=20060, stack(0x000000593c800000,0x000000593c900000)]
  0x0000016f0cd9b800 JavaThread "pool-21-thread-1" [_thread_blocked, id=3844, stack(0x000000593c900000,0x000000593ca00000)]
  0x0000016f0cd92800 JavaThread "pool-25-thread-1" [_thread_blocked, id=13548, stack(0x000000593cb00000,0x000000593cc00000)]
  0x0000016f134da000 JavaThread "pool-29-thread-1" [_thread_blocked, id=16192, stack(0x000000593c700000,0x000000593c800000)]
  0x0000016f0e37e000 JavaThread "pool-33-thread-1" [_thread_blocked, id=100, stack(0x000000593cc00000,0x000000593cd00000)]
  0x0000016f0e374800 JavaThread "pool-37-thread-1" [_thread_blocked, id=20000, stack(0x000000593cd00000,0x000000593ce00000)]
  0x0000016f0e37d800 JavaThread "pool-40-thread-1" [_thread_blocked, id=6272, stack(0x000000593ce00000,0x000000593cf00000)]
  0x0000016f0e37a000 JavaThread "pool-44-thread-1" [_thread_blocked, id=14696, stack(0x000000593cf00000,0x000000593d000000)]
  0x0000016f10eb9000 JavaThread "pool-48-thread-1" [_thread_blocked, id=13252, stack(0x000000593d000000,0x000000593d100000)]
  0x0000016f0e37b000 JavaThread "pool-52-thread-1" [_thread_blocked, id=14440, stack(0x000000593d100000,0x000000593d200000)]
  0x0000016f10eb7000 JavaThread "pool-56-thread-1" [_thread_blocked, id=16268, stack(0x000000593d300000,0x000000593d400000)]
  0x0000016f0e372800 JavaThread "pool-59-thread-1" [_thread_blocked, id=12332, stack(0x000000593d400000,0x000000593d500000)]
  0x0000016f10ebc000 JavaThread "pool-63-thread-1" [_thread_blocked, id=12816, stack(0x000000593d500000,0x000000593d600000)]
  0x0000016f10ec2000 JavaThread "pool-67-thread-1" [_thread_blocked, id=16232, stack(0x000000593d600000,0x000000593d700000)]
  0x0000016f0e37f000 JavaThread "pool-70-thread-1" [_thread_blocked, id=11196, stack(0x000000593d700000,0x000000593d800000)]
  0x0000016f084f2000 JavaThread "ForkJoinPool.commonPool-worker-21" daemon [_thread_blocked, id=19336, stack(0x000000593ff00000,0x0000005940000000)]
  0x0000016f084ff000 JavaThread "pool-74-thread-1" [_thread_blocked, id=14976, stack(0x000000593c600000,0x000000593c700000)]
  0x0000016f0e377800 JavaThread "pool-78-thread-1" [_thread_blocked, id=15044, stack(0x000000593d900000,0x000000593da00000)]
  0x0000016f084f7000 JavaThread "ForkJoinPool.commonPool-worker-25" daemon [_thread_blocked, id=19120, stack(0x0000005940100000,0x0000005940200000)]
  0x0000016f0e369000 JavaThread "pool-82-thread-1" [_thread_blocked, id=14196, stack(0x000000593da00000,0x000000593db00000)]
  0x0000016f0e360000 JavaThread "pool-85-thread-1" [_thread_blocked, id=8472, stack(0x000000593db00000,0x000000593dc00000)]
  0x0000016f0e36e800 JavaThread "pool-89-thread-1" [_thread_blocked, id=12176, stack(0x000000593d800000,0x000000593d900000)]
  0x0000016f0cd99000 JavaThread "ForkJoinPool.commonPool-worker-1" daemon [_thread_blocked, id=2012, stack(0x0000005940900000,0x0000005940a00000)]
  0x0000016f0e366800 JavaThread "pool-93-thread-1" [_thread_blocked, id=12532, stack(0x000000593dd00000,0x000000593de00000)]
  0x0000016f08500000 JavaThread "pool-97-thread-1" [_thread_blocked, id=1132, stack(0x000000593e000000,0x000000593e100000)]
  0x0000016f12d0a800 JavaThread "ForkJoinPool.commonPool-worker-19" daemon [_thread_blocked, id=11812, stack(0x0000005940700000,0x0000005940800000)]
  0x0000016f12d12800 JavaThread "ForkJoinPool.commonPool-worker-5" daemon [_thread_blocked, id=10236, stack(0x0000005940800000,0x0000005940900000)]
  0x0000016f0e360800 JavaThread "pool-101-thread-1" [_thread_blocked, id=11628, stack(0x000000593dc00000,0x000000593dd00000)]
  0x0000016f084f9800 JavaThread "ForkJoinPool.commonPool-worker-23" daemon [_thread_blocked, id=19808, stack(0x0000005940600000,0x0000005940700000)]
  0x0000016f084f6800 JavaThread "ForkJoinPool.commonPool-worker-7" daemon [_thread_blocked, id=15256, stack(0x0000005940a00000,0x0000005940b00000)]
  0x0000016f084f8800 JavaThread "Daemon Thread 15" [_thread_blocked, id=18708, stack(0x0000005930500000,0x0000005930600000)]
  0x0000016f084f3000 JavaThread "Daemon worker Thread 15" [_thread_blocked, id=3080, stack(0x0000005932200000,0x0000005932300000)]
  0x0000016f0cd91800 JavaThread "pool-105-thread-1" [_thread_blocked, id=19528, stack(0x000000593e200000,0x000000593e300000)]
  0x0000016f0cc1a000 JavaThread "ForkJoinPool.commonPool-worker-27" daemon [_thread_blocked, id=9476, stack(0x000000593f400000,0x000000593f500000)]
  0x0000016f10ed4800 JavaThread "pool-109-thread-1" [_thread_blocked, id=20256, stack(0x000000593e300000,0x000000593e400000)]
  0x0000016f0cd8c000 JavaThread "pool-112-thread-1" [_thread_blocked, id=2572, stack(0x000000593e100000,0x000000593e200000)]
  0x0000016f0cd86000 JavaThread "Handler for socket connection from /127.0.0.1:12590 to /127.0.0.1:11876" [_thread_in_native, id=13504, stack(0x0000005930600000,0x0000005930700000)]
  0x0000016f0cd89800 JavaThread "Cancel handler" [_thread_blocked, id=18300, stack(0x0000005930700000,0x0000005930800000)]
  0x0000016f0cd8b000 JavaThread "Asynchronous log dispatcher for DefaultDaemonConnection: socket connection from /127.0.0.1:12590 to /127.0.0.1:11876" [_thread_blocked, id=9756, stack(0x0000005932300000,0x0000005932400000)]
  0x0000016f0cd8c800 JavaThread "Stdin handler" [_thread_blocked, id=17308, stack(0x0000005932400000,0x0000005932500000)]
  0x0000016f0cd87000 JavaThread "Daemon client event forwarder" [_thread_blocked, id=2652, stack(0x0000005932500000,0x0000005932600000)]
  0x0000016f0cd90800 JavaThread "Unconstrained build operations" [_thread_blocked, id=13860, stack(0x0000005933f00000,0x0000005934000000)]
  0x0000016f0cd95800 JavaThread "Unconstrained build operations Thread 2" [_thread_blocked, id=6588, stack(0x0000005934000000,0x0000005934100000)]
  0x0000016f0cd95000 JavaThread "Unconstrained build operations Thread 3" [_thread_blocked, id=6264, stack(0x0000005934100000,0x0000005934200000)]
  0x0000016f0cd97800 JavaThread "Unconstrained build operations Thread 4" [_thread_blocked, id=19520, stack(0x0000005934200000,0x0000005934300000)]
  0x0000016f0cd98000 JavaThread "Unconstrained build operations Thread 5" [_thread_blocked, id=18848, stack(0x0000005934300000,0x0000005934400000)]
  0x0000016f0cd99800 JavaThread "Unconstrained build operations Thread 6" [_thread_blocked, id=14588, stack(0x0000005934400000,0x0000005934500000)]
  0x0000016f0cd94000 JavaThread "Unconstrained build operations Thread 7" [_thread_blocked, id=18828, stack(0x0000005934500000,0x0000005934600000)]
  0x0000016f0cd9c000 JavaThread "Unconstrained build operations Thread 8" [_thread_blocked, id=16180, stack(0x0000005934600000,0x0000005934700000)]
  0x0000016f0cda0000 JavaThread "Unconstrained build operations Thread 9" [_thread_blocked, id=14856, stack(0x0000005934700000,0x0000005934800000)]
  0x0000016f0cd9a800 JavaThread "Unconstrained build operations Thread 10" [_thread_blocked, id=15496, stack(0x0000005934800000,0x0000005934900000)]
  0x0000016f0cda5000 JavaThread "Unconstrained build operations Thread 11" [_thread_blocked, id=16988, stack(0x0000005934900000,0x0000005934a00000)]
  0x0000016f0cda1000 JavaThread "Unconstrained build operations Thread 12" [_thread_blocked, id=16976, stack(0x0000005934a00000,0x0000005934b00000)]
  0x0000016f0cda2000 JavaThread "Unconstrained build operations Thread 13" [_thread_blocked, id=16996, stack(0x0000005934b00000,0x0000005934c00000)]
  0x0000016f0cda2800 JavaThread "Unconstrained build operations Thread 14" [_thread_blocked, id=14920, stack(0x0000005934c00000,0x0000005934d00000)]
  0x0000016f0cda4800 JavaThread "Unconstrained build operations Thread 15" [_thread_blocked, id=9012, stack(0x0000005934d00000,0x0000005934e00000)]
  0x0000016f134c4000 JavaThread "Unconstrained build operations Thread 16" [_thread_blocked, id=19364, stack(0x0000005934e00000,0x0000005934f00000)]
  0x0000016f134c5000 JavaThread "Unconstrained build operations Thread 17" [_thread_blocked, id=13856, stack(0x0000005934f00000,0x0000005935000000)]
  0x0000016f134c8000 JavaThread "Unconstrained build operations Thread 18" [_thread_blocked, id=4920, stack(0x0000005935000000,0x0000005935100000)]
  0x0000016f134ca800 JavaThread "Unconstrained build operations Thread 19" [_thread_blocked, id=10920, stack(0x0000005935100000,0x0000005935200000)]
  0x0000016f134cb800 JavaThread "Unconstrained build operations Thread 20" [_thread_blocked, id=13452, stack(0x0000005935200000,0x0000005935300000)]
  0x0000016f134c9000 JavaThread "Unconstrained build operations Thread 21" [_thread_blocked, id=17304, stack(0x0000005935300000,0x0000005935400000)]
  0x0000016f134c6800 JavaThread "C2 CompilerThread1" daemon [_thread_in_native, id=20448, stack(0x0000005933300000,0x0000005933400000)]

Other Threads:
  0x0000016f7f635000 VMThread "VM Thread" [stack: 0x0000005930e00000,0x0000005930f00000] [id=10148]
  0x0000016f7f836000 WatcherThread [stack: 0x0000005931800000,0x0000005931900000] [id=10260]
  0x0000016f69d24800 GCTaskThread "GC Thread#0" [stack: 0x0000005930900000,0x0000005930a00000] [id=20196]
  0x0000016f06614800 GCTaskThread "GC Thread#1" [stack: 0x0000005931a00000,0x0000005931b00000] [id=5460]
  0x0000016f0612f800 GCTaskThread "GC Thread#2" [stack: 0x0000005931b00000,0x0000005931c00000] [id=13708]
  0x0000016f06130000 GCTaskThread "GC Thread#3" [stack: 0x0000005931c00000,0x0000005931d00000] [id=15840]
  0x0000016f0674a800 GCTaskThread "GC Thread#4" [stack: 0x0000005931d00000,0x0000005931e00000] [id=14500]
  0x0000016f0674b000 GCTaskThread "GC Thread#5" [stack: 0x0000005931e00000,0x0000005931f00000] [id=10296]
  0x0000016f077c3800 GCTaskThread "GC Thread#6" [stack: 0x0000005932c00000,0x0000005932d00000] [id=14360]
  0x0000016f7f9ee000 GCTaskThread "GC Thread#7" [stack: 0x0000005932d00000,0x0000005932e00000] [id=8420]
  0x0000016f07e79800 GCTaskThread "GC Thread#8" [stack: 0x0000005932e00000,0x0000005932f00000] [id=10760]
  0x0000016f08981000 GCTaskThread "GC Thread#9" [stack: 0x0000005932f00000,0x0000005933000000] [id=4244]
  0x0000016f69d57000 ConcurrentGCThread "G1 Main Marker" [stack: 0x0000005930a00000,0x0000005930b00000] [id=13784]
  0x0000016f69d58000 ConcurrentGCThread "G1 Conc#0" [stack: 0x0000005930b00000,0x0000005930c00000] [id=12948]
  0x0000016f07539800 ConcurrentGCThread "G1 Conc#1" [stack: 0x0000005933000000,0x0000005933100000] [id=11588]
  0x0000016f08510800 ConcurrentGCThread "G1 Conc#2" [stack: 0x0000005933100000,0x0000005933200000] [id=17448]
  0x0000016f7ec7f800 ConcurrentGCThread "G1 Refine#0" [stack: 0x0000005930c00000,0x0000005930d00000] [id=1820]
  0x0000016f0e8d3800 ConcurrentGCThread "G1 Refine#1" [stack: 0x0000005933200000,0x0000005933300000] [id=18600]
  0x0000016f0e8ce800 ConcurrentGCThread "G1 Refine#2" [stack: 0x0000005933600000,0x0000005933700000] [id=14040]
  0x0000016f0e8d4000 ConcurrentGCThread "G1 Refine#3" [stack: 0x0000005932600000,0x0000005932700000] [id=2620]
  0x0000016f7ec80000 ConcurrentGCThread "G1 Young RemSet Sampling" [stack: 0x0000005930d00000,0x0000005930e00000] [id=10036]

Threads with active compile tasks:
C2 CompilerThread02443094 30511       4       org.gradle.api.internal.artifacts.ivyservice.resolveengine.artifact.DefaultArtifactSet::toResolvedVariant (42 bytes)
C2 CompilerThread12443094 30523   !   4       java.io.ObjectOutputStream::writeObject0 (619 bytes)

VM state:not at safepoint (normal execution)

VM Mutex/Monitor currently owned by a thread: None

OutOfMemory and StackOverflow Exception counts:
OutOfMemoryError java_heap_errors=1
LinkageErrors=228

Heap address: 0x0000000080000000, size: 2048 MB, Compressed Oops mode: 32-bit
Narrow klass base: 0x0000000000000000, Narrow klass shift: 3
Compressed class space size: 1073741824 Address: 0x0000000100000000

Heap:
 garbage-first heap   total 260096K, used 180296K [0x0000000080000000, 0x0000000100000000)
  region size 1024K, 67 young (68608K), 1 survivors (1024K)
 Metaspace       used 145740K, capacity 151302K, committed 152112K, reserved 1181696K
  class space    used 17984K, capacity 19968K, committed 20304K, reserved 1048576K
Heap Regions: E=young(eden), S=young(survivor), O=old, HS=humongous(starts), HC=humongous(continues), CS=collection set, F=free, A=archive, TAMS=top-at-mark-start (previous, next)
|   0|0x0000000080000000, 0x0000000080100000, 0x0000000080100000|100%| O|  |TAMS 0x0000000080100000, 0x0000000080000000| Untracked 
|   1|0x0000000080100000, 0x0000000080200000, 0x0000000080200000|100%| O|  |TAMS 0x0000000080200000, 0x0000000080100000| Untracked 
|   2|0x0000000080200000, 0x0000000080300000, 0x0000000080300000|100%| O|  |TAMS 0x0000000080300000, 0x0000000080200000| Untracked 
|   3|0x0000000080300000, 0x0000000080400000, 0x0000000080400000|100%|HS|  |TAMS 0x0000000080400000, 0x0000000080300000| Complete 
|   4|0x0000000080400000, 0x0000000080500000, 0x0000000080500000|100%|HC|  |TAMS 0x0000000080500000, 0x0000000080400000| Complete 
|   5|0x0000000080500000, 0x0000000080600000, 0x0000000080600000|100%|HC|  |TAMS 0x0000000080600000, 0x0000000080500000| Complete 
|   6|0x0000000080600000, 0x0000000080700000, 0x0000000080700000|100%| O|  |TAMS 0x0000000080700000, 0x0000000080600000| Untracked 
|   7|0x0000000080700000, 0x0000000080800000, 0x0000000080800000|100%| O|  |TAMS 0x0000000080800000, 0x0000000080700000| Untracked 
|   8|0x0000000080800000, 0x0000000080900000, 0x0000000080900000|100%| O|  |TAMS 0x0000000080900000, 0x0000000080800000| Untracked 
|   9|0x0000000080900000, 0x0000000080a00000, 0x0000000080a00000|100%| O|  |TAMS 0x0000000080a00000, 0x0000000080900000| Untracked 
|  10|0x0000000080a00000, 0x0000000080b00000, 0x0000000080b00000|100%| O|  |TAMS 0x0000000080b00000, 0x0000000080a00000| Untracked 
|  11|0x0000000080b00000, 0x0000000080c00000, 0x0000000080c00000|100%| O|  |TAMS 0x0000000080c00000, 0x0000000080b00000| Untracked 
|  12|0x0000000080c00000, 0x0000000080d00000, 0x0000000080d00000|100%| O|  |TAMS 0x0000000080d00000, 0x0000000080c00000| Untracked 
|  13|0x0000000080d00000, 0x0000000080e00000, 0x0000000080e00000|100%| O|  |TAMS 0x0000000080e00000, 0x0000000080d00000| Untracked 
|  14|0x0000000080e00000, 0x0000000080f00000, 0x0000000080f00000|100%| O|  |TAMS 0x0000000080f00000, 0x0000000080e00000| Untracked 
|  15|0x0000000080f00000, 0x0000000081000000, 0x0000000081000000|100%| O|  |TAMS 0x0000000081000000, 0x0000000080f00000| Untracked 
|  16|0x0000000081000000, 0x0000000081100000, 0x0000000081100000|100%| O|  |TAMS 0x0000000081100000, 0x0000000081000000| Untracked 
|  17|0x0000000081100000, 0x0000000081200000, 0x0000000081200000|100%|HS|  |TAMS 0x0000000081200000, 0x0000000081100000| Complete 
|  18|0x0000000081200000, 0x0000000081300000, 0x0000000081300000|100%|HS|  |TAMS 0x0000000081300000, 0x0000000081200000| Complete 
|  19|0x0000000081300000, 0x0000000081400000, 0x0000000081400000|100%|HS|  |TAMS 0x0000000081400000, 0x0000000081300000| Complete 
|  20|0x0000000081400000, 0x0000000081500000, 0x0000000081500000|100%|HS|  |TAMS 0x0000000081500000, 0x0000000081400000| Complete 
|  21|0x0000000081500000, 0x0000000081600000, 0x0000000081600000|100%|HC|  |TAMS 0x0000000081600000, 0x0000000081500000| Complete 
|  22|0x0000000081600000, 0x0000000081700000, 0x0000000081700000|100%|HC|  |TAMS 0x0000000081700000, 0x0000000081600000| Complete 
|  23|0x0000000081700000, 0x0000000081800000, 0x0000000081800000|100%|HS|  |TAMS 0x0000000081800000, 0x0000000081700000| Complete 
|  24|0x0000000081800000, 0x0000000081900000, 0x0000000081900000|100%|HC|  |TAMS 0x0000000081900000, 0x0000000081800000| Complete 
|  25|0x0000000081900000, 0x0000000081a00000, 0x0000000081a00000|100%| O|  |TAMS 0x0000000081a00000, 0x0000000081900000| Untracked 
|  26|0x0000000081a00000, 0x0000000081b00000, 0x0000000081b00000|100%| O|  |TAMS 0x0000000081b00000, 0x0000000081a00000| Untracked 
|  27|0x0000000081b00000, 0x0000000081c00000, 0x0000000081c00000|100%| O|  |TAMS 0x0000000081c00000, 0x0000000081b00000| Untracked 
|  28|0x0000000081c00000, 0x0000000081d00000, 0x0000000081d00000|100%| O|  |TAMS 0x0000000081d00000, 0x0000000081c00000| Untracked 
|  29|0x0000000081d00000, 0x0000000081e00000, 0x0000000081e00000|100%| O|  |TAMS 0x0000000081e00000, 0x0000000081d00000| Untracked 
|  30|0x0000000081e00000, 0x0000000081f00000, 0x0000000081f00000|100%| O|  |TAMS 0x0000000081f00000, 0x0000000081e00000| Untracked 
|  31|0x0000000081f00000, 0x0000000082000000, 0x0000000082000000|100%| O|  |TAMS 0x0000000082000000, 0x0000000081f00000| Untracked 
|  32|0x0000000082000000, 0x0000000082100000, 0x0000000082100000|100%| O|  |TAMS 0x0000000082100000, 0x0000000082000000| Untracked 
|  33|0x0000000082100000, 0x0000000082200000, 0x0000000082200000|100%| O|  |TAMS 0x0000000082200000, 0x0000000082100000| Untracked 
|  34|0x0000000082200000, 0x0000000082300000, 0x0000000082300000|100%| O|  |TAMS 0x0000000082300000, 0x0000000082200000| Untracked 
|  35|0x0000000082300000, 0x0000000082400000, 0x0000000082400000|100%| O|  |TAMS 0x0000000082400000, 0x0000000082300000| Untracked 
|  36|0x0000000082400000, 0x0000000082400000, 0x0000000082500000|  0%| F|  |TAMS 0x0000000082400000, 0x0000000082400000| Untracked 
|  37|0x0000000082500000, 0x0000000082600000, 0x0000000082600000|100%| O|  |TAMS 0x0000000082600000, 0x0000000082500000| Untracked 
|  38|0x0000000082600000, 0x0000000082700000, 0x0000000082700000|100%| O|  |TAMS 0x0000000082700000, 0x0000000082600000| Untracked 
|  39|0x0000000082700000, 0x0000000082800000, 0x0000000082800000|100%| O|  |TAMS 0x0000000082800000, 0x0000000082700000| Untracked 
|  40|0x0000000082800000, 0x0000000082900000, 0x0000000082900000|100%| O|  |TAMS 0x0000000082900000, 0x0000000082800000| Untracked 
|  41|0x0000000082900000, 0x0000000082a00000, 0x0000000082a00000|100%| O|  |TAMS 0x0000000082a00000, 0x0000000082900000| Untracked 
|  42|0x0000000082a00000, 0x0000000082b00000, 0x0000000082b00000|100%| O|  |TAMS 0x0000000082b00000, 0x0000000082a00000| Untracked 
|  43|0x0000000082b00000, 0x0000000082c00000, 0x0000000082c00000|100%| O|  |TAMS 0x0000000082c00000, 0x0000000082b00000| Untracked 
|  44|0x0000000082c00000, 0x0000000082d00000, 0x0000000082d00000|100%| O|  |TAMS 0x0000000082d00000, 0x0000000082c00000| Untracked 
|  45|0x0000000082d00000, 0x0000000082e00000, 0x0000000082e00000|100%| O|  |TAMS 0x0000000082e00000, 0x0000000082d00000| Untracked 
|  46|0x0000000082e00000, 0x0000000082f00000, 0x0000000082f00000|100%| O|  |TAMS 0x0000000082f00000, 0x0000000082e00000| Untracked 
|  47|0x0000000082f00000, 0x0000000083000000, 0x0000000083000000|100%| O|  |TAMS 0x0000000083000000, 0x0000000082f00000| Untracked 
|  48|0x0000000083000000, 0x0000000083100000, 0x0000000083100000|100%| O|  |TAMS 0x0000000083100000, 0x0000000083000000| Untracked 
|  49|0x0000000083100000, 0x0000000083200000, 0x0000000083200000|100%| O|  |TAMS 0x0000000083200000, 0x0000000083100000| Untracked 
|  50|0x0000000083200000, 0x0000000083300000, 0x0000000083300000|100%| O|  |TAMS 0x0000000083300000, 0x0000000083200000| Untracked 
|  51|0x0000000083300000, 0x0000000083400000, 0x0000000083400000|100%| O|  |TAMS 0x0000000083300000, 0x0000000083300000| Untracked 
|  52|0x0000000083400000, 0x0000000083500000, 0x0000000083500000|100%| O|  |TAMS 0x0000000083500000, 0x0000000083400000| Untracked 
|  53|0x0000000083500000, 0x0000000083600000, 0x0000000083600000|100%| O|  |TAMS 0x0000000083600000, 0x0000000083500000| Untracked 
|  54|0x0000000083600000, 0x0000000083700000, 0x0000000083700000|100%| O|  |TAMS 0x0000000083700000, 0x0000000083600000| Untracked 
|  55|0x0000000083700000, 0x0000000083800000, 0x0000000083800000|100%| O|  |TAMS 0x0000000083800000, 0x0000000083700000| Untracked 
|  56|0x0000000083800000, 0x0000000083900000, 0x0000000083900000|100%| O|  |TAMS 0x0000000083900000, 0x0000000083800000| Untracked 
|  57|0x0000000083900000, 0x0000000083a00000, 0x0000000083a00000|100%| O|  |TAMS 0x0000000083a00000, 0x0000000083900000| Untracked 
|  58|0x0000000083a00000, 0x0000000083b00000, 0x0000000083b00000|100%| O|  |TAMS 0x0000000083b00000, 0x0000000083a00000| Untracked 
|  59|0x0000000083b00000, 0x0000000083c00000, 0x0000000083c00000|100%| O|  |TAMS 0x0000000083c00000, 0x0000000083b00000| Untracked 
|  60|0x0000000083c00000, 0x0000000083d00000, 0x0000000083d00000|100%| O|  |TAMS 0x0000000083d00000, 0x0000000083c00000| Untracked 
|  61|0x0000000083d00000, 0x0000000083e00000, 0x0000000083e00000|100%| O|  |TAMS 0x0000000083e00000, 0x0000000083d00000| Untracked 
|  62|0x0000000083e00000, 0x0000000083f00000, 0x0000000083f00000|100%| O|  |TAMS 0x0000000083f00000, 0x0000000083e00000| Untracked 
|  63|0x0000000083f00000, 0x0000000084000000, 0x0000000084000000|100%| O|  |TAMS 0x0000000084000000, 0x0000000083f00000| Untracked 
|  64|0x0000000084000000, 0x0000000084000000, 0x0000000084100000|  0%| F|  |TAMS 0x0000000084000000, 0x0000000084000000| Untracked 
|  65|0x0000000084100000, 0x0000000084200000, 0x0000000084200000|100%| O|  |TAMS 0x0000000084200000, 0x0000000084100000| Untracked 
|  66|0x0000000084200000, 0x0000000084300000, 0x0000000084300000|100%| O|  |TAMS 0x0000000084300000, 0x0000000084200000| Untracked 
|  67|0x0000000084300000, 0x0000000084400000, 0x0000000084400000|100%| O|  |TAMS 0x0000000084300000, 0x0000000084300000| Untracked 
|  68|0x0000000084400000, 0x0000000084400000, 0x0000000084500000|  0%| F|  |TAMS 0x0000000084400000, 0x0000000084400000| Untracked 
|  69|0x0000000084500000, 0x0000000084500000, 0x0000000084600000|  0%| F|  |TAMS 0x0000000084500000, 0x0000000084500000| Untracked 
|  70|0x0000000084600000, 0x0000000084700000, 0x0000000084700000|100%| O|  |TAMS 0x0000000084600000, 0x0000000084600000| Untracked 
|  71|0x0000000084700000, 0x0000000084800000, 0x0000000084800000|100%| O|  |TAMS 0x0000000084800000, 0x0000000084700000| Untracked 
|  72|0x0000000084800000, 0x0000000084900000, 0x0000000084900000|100%| O|  |TAMS 0x0000000084800000, 0x0000000084800000| Untracked 
|  73|0x0000000084900000, 0x0000000084a00000, 0x0000000084a00000|100%| O|  |TAMS 0x0000000084a00000, 0x0000000084900000| Untracked 
|  74|0x0000000084a00000, 0x0000000084b00000, 0x0000000084b00000|100%| O|  |TAMS 0x0000000084b00000, 0x0000000084a00000| Untracked 
|  75|0x0000000084b00000, 0x0000000084c00000, 0x0000000084c00000|100%| O|  |TAMS 0x0000000084c00000, 0x0000000084b00000| Untracked 
|  76|0x0000000084c00000, 0x0000000084d00000, 0x0000000084d00000|100%| O|  |TAMS 0x0000000084d00000, 0x0000000084c00000| Untracked 
|  77|0x0000000084d00000, 0x0000000084e00000, 0x0000000084e00000|100%| O|  |TAMS 0x0000000084e00000, 0x0000000084d00000| Untracked 
|  78|0x0000000084e00000, 0x0000000084f00000, 0x0000000084f00000|100%| O|  |TAMS 0x0000000084f00000, 0x0000000084e00000| Untracked 
|  79|0x0000000084f00000, 0x0000000085000000, 0x0000000085000000|100%| O|  |TAMS 0x0000000085000000, 0x0000000084f00000| Untracked 
|  80|0x0000000085000000, 0x0000000085000000, 0x0000000085100000|  0%| F|  |TAMS 0x0000000085000000, 0x0000000085000000| Untracked 
|  81|0x0000000085100000, 0x0000000085200000, 0x0000000085200000|100%| O|  |TAMS 0x0000000085200000, 0x0000000085100000| Untracked 
|  82|0x0000000085200000, 0x0000000085300000, 0x0000000085300000|100%| O|  |TAMS 0x000000008529ea00, 0x0000000085200000| Untracked 
|  83|0x0000000085300000, 0x0000000085400000, 0x0000000085400000|100%| O|  |TAMS 0x0000000085400000, 0x0000000085300000| Untracked 
|  84|0x0000000085400000, 0x0000000085500000, 0x0000000085500000|100%| O|  |TAMS 0x0000000085500000, 0x0000000085400000| Untracked 
|  85|0x0000000085500000, 0x0000000085600000, 0x0000000085600000|100%| O|  |TAMS 0x0000000085600000, 0x0000000085500000| Untracked 
|  86|0x0000000085600000, 0x0000000085700000, 0x0000000085700000|100%| O|  |TAMS 0x0000000085700000, 0x0000000085600000| Untracked 
|  87|0x0000000085700000, 0x0000000085800000, 0x0000000085800000|100%| O|  |TAMS 0x0000000085800000, 0x0000000085700000| Untracked 
|  88|0x0000000085800000, 0x0000000085900000, 0x0000000085900000|100%| O|  |TAMS 0x0000000085900000, 0x0000000085800000| Untracked 
|  89|0x0000000085900000, 0x0000000085a00000, 0x0000000085a00000|100%| O|  |TAMS 0x0000000085a00000, 0x0000000085900000| Untracked 
|  90|0x0000000085a00000, 0x0000000085b00000, 0x0000000085b00000|100%| O|  |TAMS 0x0000000085a00000, 0x0000000085a00000| Untracked 
|  91|0x0000000085b00000, 0x0000000085c00000, 0x0000000085c00000|100%| O|  |TAMS 0x0000000085b00000, 0x0000000085b00000| Untracked 
|  92|0x0000000085c00000, 0x0000000085c00000, 0x0000000085d00000|  0%| F|  |TAMS 0x0000000085c00000, 0x0000000085c00000| Untracked 
|  93|0x0000000085d00000, 0x0000000085e00000, 0x0000000085e00000|100%| O|  |TAMS 0x0000000085e00000, 0x0000000085d00000| Untracked 
|  94|0x0000000085e00000, 0x0000000085f00000, 0x0000000085f00000|100%| O|  |TAMS 0x0000000085f00000, 0x0000000085e00000| Untracked 
|  95|0x0000000085f00000, 0x0000000086000000, 0x0000000086000000|100%| O|  |TAMS 0x0000000086000000, 0x0000000085f00000| Untracked 
|  96|0x0000000086000000, 0x0000000086100000, 0x0000000086100000|100%| O|  |TAMS 0x0000000086100000, 0x0000000086000000| Untracked 
|  97|0x0000000086100000, 0x0000000086200000, 0x0000000086200000|100%| O|  |TAMS 0x0000000086200000, 0x0000000086100000| Untracked 
|  98|0x0000000086200000, 0x0000000086300000, 0x0000000086300000|100%| O|  |TAMS 0x0000000086300000, 0x0000000086200000| Untracked 
|  99|0x0000000086300000, 0x0000000086400000, 0x0000000086400000|100%| O|  |TAMS 0x0000000086400000, 0x0000000086300000| Untracked 
| 100|0x0000000086400000, 0x0000000086500000, 0x0000000086500000|100%| O|  |TAMS 0x0000000086500000, 0x0000000086400000| Untracked 
| 101|0x0000000086500000, 0x0000000086570e00, 0x0000000086600000| 44%| O|  |TAMS 0x0000000086500000, 0x0000000086500000| Untracked 
| 102|0x0000000086600000, 0x0000000086700000, 0x0000000086700000|100%| O|  |TAMS 0x0000000086700000, 0x0000000086600000| Untracked 
| 103|0x0000000086700000, 0x0000000086700000, 0x0000000086800000|  0%| F|  |TAMS 0x0000000086700000, 0x0000000086700000| Untracked 
| 104|0x0000000086800000, 0x0000000086800000, 0x0000000086900000|  0%| F|  |TAMS 0x0000000086800000, 0x0000000086800000| Untracked 
| 105|0x0000000086900000, 0x0000000086900000, 0x0000000086a00000|  0%| F|  |TAMS 0x0000000086900000, 0x0000000086900000| Untracked 
| 106|0x0000000086a00000, 0x0000000086a00000, 0x0000000086b00000|  0%| F|  |TAMS 0x0000000086a00000, 0x0000000086a00000| Untracked 
| 107|0x0000000086b00000, 0x0000000086b00000, 0x0000000086c00000|  0%| F|  |TAMS 0x0000000086b00000, 0x0000000086b00000| Untracked 
| 108|0x0000000086c00000, 0x0000000086c00000, 0x0000000086d00000|  0%| F|  |TAMS 0x0000000086c00000, 0x0000000086c00000| Untracked 
| 109|0x0000000086d00000, 0x0000000086e00000, 0x0000000086e00000|100%| O|  |TAMS 0x0000000086e00000, 0x0000000086d00000| Untracked 
| 110|0x0000000086e00000, 0x0000000086f00000, 0x0000000086f00000|100%| O|  |TAMS 0x0000000086f00000, 0x0000000086e00000| Untracked 
| 111|0x0000000086f00000, 0x0000000087000000, 0x0000000087000000|100%| O|  |TAMS 0x0000000087000000, 0x0000000086f00000| Untracked 
| 112|0x0000000087000000, 0x0000000087100000, 0x0000000087100000|100%| O|  |TAMS 0x0000000087100000, 0x0000000087000000| Untracked 
| 113|0x0000000087100000, 0x0000000087100000, 0x0000000087200000|  0%| F|  |TAMS 0x0000000087100000, 0x0000000087100000| Untracked 
| 114|0x0000000087200000, 0x0000000087200000, 0x0000000087300000|  0%| F|  |TAMS 0x0000000087200000, 0x0000000087200000| Untracked 
| 115|0x0000000087300000, 0x0000000087300000, 0x0000000087400000|  0%| F|  |TAMS 0x0000000087300000, 0x0000000087300000| Untracked 
| 116|0x0000000087400000, 0x0000000087400000, 0x0000000087500000|  0%| F|  |TAMS 0x0000000087400000, 0x0000000087400000| Untracked 
| 117|0x0000000087500000, 0x0000000087500000, 0x0000000087600000|  0%| F|  |TAMS 0x0000000087500000, 0x0000000087500000| Untracked 
| 118|0x0000000087600000, 0x0000000087700000, 0x0000000087700000|100%| O|  |TAMS 0x0000000087700000, 0x0000000087600000| Untracked 
| 119|0x0000000087700000, 0x0000000087800000, 0x0000000087800000|100%| O|  |TAMS 0x0000000087800000, 0x0000000087700000| Untracked 
| 120|0x0000000087800000, 0x0000000087800000, 0x0000000087900000|  0%| F|  |TAMS 0x0000000087800000, 0x0000000087800000| Untracked 
| 121|0x0000000087900000, 0x0000000087900000, 0x0000000087a00000|  0%| F|  |TAMS 0x0000000087900000, 0x0000000087900000| Untracked 
| 122|0x0000000087a00000, 0x0000000087a00000, 0x0000000087b00000|  0%| F|  |TAMS 0x0000000087a00000, 0x0000000087a00000| Untracked 
| 123|0x0000000087b00000, 0x0000000087b00000, 0x0000000087c00000|  0%| F|  |TAMS 0x0000000087b00000, 0x0000000087b00000| Untracked 
| 124|0x0000000087c00000, 0x0000000087c00000, 0x0000000087d00000|  0%| F|  |TAMS 0x0000000087c00000, 0x0000000087c00000| Untracked 
| 125|0x0000000087d00000, 0x0000000087d00000, 0x0000000087e00000|  0%| F|  |TAMS 0x0000000087d00000, 0x0000000087d00000| Untracked 
| 126|0x0000000087e00000, 0x0000000087e00000, 0x0000000087f00000|  0%| F|  |TAMS 0x0000000087e00000, 0x0000000087e00000| Untracked 
| 127|0x0000000087f00000, 0x0000000087f00000, 0x0000000088000000|  0%| F|  |TAMS 0x0000000087f00000, 0x0000000087f00000| Untracked 
| 128|0x0000000088000000, 0x0000000088000000, 0x0000000088100000|  0%| F|  |TAMS 0x0000000088000000, 0x0000000088000000| Untracked 
| 129|0x0000000088100000, 0x0000000088100000, 0x0000000088200000|  0%| F|  |TAMS 0x0000000088100000, 0x0000000088100000| Untracked 
| 130|0x0000000088200000, 0x0000000088200000, 0x0000000088300000|  0%| F|  |TAMS 0x0000000088200000, 0x0000000088200000| Untracked 
| 131|0x0000000088300000, 0x0000000088300000, 0x0000000088400000|  0%| F|  |TAMS 0x0000000088300000, 0x0000000088300000| Untracked 
| 132|0x0000000088400000, 0x0000000088500000, 0x0000000088500000|100%| O|  |TAMS 0x0000000088500000, 0x0000000088400000| Untracked 
| 133|0x0000000088500000, 0x0000000088600000, 0x0000000088600000|100%| O|  |TAMS 0x0000000088600000, 0x0000000088500000| Untracked 
| 134|0x0000000088600000, 0x0000000088700000, 0x0000000088700000|100%| O|  |TAMS 0x0000000088700000, 0x0000000088600000| Untracked 
| 135|0x0000000088700000, 0x0000000088800000, 0x0000000088800000|100%| O|  |TAMS 0x0000000088800000, 0x0000000088700000| Untracked 
| 136|0x0000000088800000, 0x0000000088900000, 0x0000000088900000|100%| O|  |TAMS 0x0000000088900000, 0x0000000088800000| Untracked 
| 137|0x0000000088900000, 0x0000000088a00000, 0x0000000088a00000|100%| O|  |TAMS 0x0000000088a00000, 0x0000000088900000| Untracked 
| 138|0x0000000088a00000, 0x0000000088b00000, 0x0000000088b00000|100%| O|  |TAMS 0x0000000088b00000, 0x0000000088a00000| Untracked 
| 139|0x0000000088b00000, 0x0000000088c00000, 0x0000000088c00000|100%| O|  |TAMS 0x0000000088c00000, 0x0000000088b00000| Untracked 
| 140|0x0000000088c00000, 0x0000000088d00000, 0x0000000088d00000|100%| O|  |TAMS 0x0000000088d00000, 0x0000000088c00000| Untracked 
| 141|0x0000000088d00000, 0x0000000088d00000, 0x0000000088e00000|  0%| F|  |TAMS 0x0000000088d00000, 0x0000000088d00000| Untracked 
| 142|0x0000000088e00000, 0x0000000088e00000, 0x0000000088f00000|  0%| F|  |TAMS 0x0000000088e00000, 0x0000000088e00000| Untracked 
| 143|0x0000000088f00000, 0x0000000088f00000, 0x0000000089000000|  0%| F|  |TAMS 0x0000000088f00000, 0x0000000088f00000| Untracked 
| 144|0x0000000089000000, 0x0000000089000000, 0x0000000089100000|  0%| F|  |TAMS 0x0000000089000000, 0x0000000089000000| Untracked 
| 145|0x0000000089100000, 0x0000000089100000, 0x0000000089200000|  0%| F|  |TAMS 0x0000000089100000, 0x0000000089100000| Untracked 
| 146|0x0000000089200000, 0x0000000089200000, 0x0000000089300000|  0%| F|  |TAMS 0x0000000089200000, 0x0000000089200000| Untracked 
| 147|0x0000000089300000, 0x0000000089300000, 0x0000000089400000|  0%| F|  |TAMS 0x0000000089300000, 0x0000000089300000| Untracked 
| 148|0x0000000089400000, 0x0000000089400000, 0x0000000089500000|  0%| F|  |TAMS 0x0000000089400000, 0x0000000089400000| Untracked 
| 149|0x0000000089500000, 0x0000000089500000, 0x0000000089600000|  0%| F|  |TAMS 0x0000000089500000, 0x0000000089500000| Untracked 
| 150|0x0000000089600000, 0x0000000089600000, 0x0000000089700000|  0%| F|  |TAMS 0x0000000089600000, 0x0000000089600000| Untracked 
| 151|0x0000000089700000, 0x0000000089700000, 0x0000000089800000|  0%| F|  |TAMS 0x0000000089700000, 0x0000000089700000| Untracked 
| 152|0x0000000089800000, 0x0000000089800000, 0x0000000089900000|  0%| F|  |TAMS 0x0000000089800000, 0x0000000089800000| Untracked 
| 153|0x0000000089900000, 0x0000000089900000, 0x0000000089a00000|  0%| F|  |TAMS 0x0000000089900000, 0x0000000089900000| Untracked 
| 154|0x0000000089a00000, 0x0000000089a00000, 0x0000000089b00000|  0%| F|  |TAMS 0x0000000089a00000, 0x0000000089a00000| Untracked 
| 155|0x0000000089b00000, 0x0000000089b00000, 0x0000000089c00000|  0%| F|  |TAMS 0x0000000089b00000, 0x0000000089b00000| Untracked 
| 156|0x0000000089c00000, 0x0000000089c00000, 0x0000000089d00000|  0%| F|  |TAMS 0x0000000089c00000, 0x0000000089c00000| Untracked 
| 157|0x0000000089d00000, 0x0000000089d00000, 0x0000000089e00000|  0%| F|  |TAMS 0x0000000089d00000, 0x0000000089d00000| Untracked 
| 158|0x0000000089e00000, 0x0000000089e00000, 0x0000000089f00000|  0%| F|  |TAMS 0x0000000089e00000, 0x0000000089e00000| Untracked 
| 159|0x0000000089f00000, 0x0000000089f00000, 0x000000008a000000|  0%| F|  |TAMS 0x0000000089f00000, 0x0000000089f00000| Untracked 
| 160|0x000000008a000000, 0x000000008a000000, 0x000000008a100000|  0%| F|  |TAMS 0x000000008a000000, 0x000000008a000000| Untracked 
| 161|0x000000008a100000, 0x000000008a100000, 0x000000008a200000|  0%| F|  |TAMS 0x000000008a100000, 0x000000008a100000| Untracked 
| 162|0x000000008a200000, 0x000000008a200000, 0x000000008a300000|  0%| F|  |TAMS 0x000000008a200000, 0x000000008a200000| Untracked 
| 163|0x000000008a300000, 0x000000008a300000, 0x000000008a400000|  0%| F|  |TAMS 0x000000008a300000, 0x000000008a300000| Untracked 
| 164|0x000000008a400000, 0x000000008a400000, 0x000000008a500000|  0%| F|  |TAMS 0x000000008a400000, 0x000000008a400000| Untracked 
| 165|0x000000008a500000, 0x000000008a500000, 0x000000008a600000|  0%| F|  |TAMS 0x000000008a500000, 0x000000008a500000| Untracked 
| 166|0x000000008a600000, 0x000000008a600000, 0x000000008a700000|  0%| F|  |TAMS 0x000000008a600000, 0x000000008a600000| Untracked 
| 167|0x000000008a700000, 0x000000008a700000, 0x000000008a800000|  0%| F|  |TAMS 0x000000008a700000, 0x000000008a700000| Untracked 
| 168|0x000000008a800000, 0x000000008a800000, 0x000000008a900000|  0%| F|  |TAMS 0x000000008a800000, 0x000000008a800000| Untracked 
| 169|0x000000008a900000, 0x000000008a900000, 0x000000008aa00000|  0%| F|  |TAMS 0x000000008a900000, 0x000000008a900000| Untracked 
| 170|0x000000008aa00000, 0x000000008aa00000, 0x000000008ab00000|  0%| F|  |TAMS 0x000000008aa00000, 0x000000008aa00000| Untracked 
| 171|0x000000008ab00000, 0x000000008ab00000, 0x000000008ac00000|  0%| F|  |TAMS 0x000000008ab00000, 0x000000008ab00000| Untracked 
| 172|0x000000008ac00000, 0x000000008ac00000, 0x000000008ad00000|  0%| F|  |TAMS 0x000000008ac00000, 0x000000008ac00000| Untracked 
| 173|0x000000008ad00000, 0x000000008ad00000, 0x000000008ae00000|  0%| F|  |TAMS 0x000000008ad00000, 0x000000008ad00000| Untracked 
| 174|0x000000008ae00000, 0x000000008ae00000, 0x000000008af00000|  0%| F|  |TAMS 0x000000008ae00000, 0x000000008ae00000| Untracked 
| 175|0x000000008af00000, 0x000000008af00000, 0x000000008b000000|  0%| F|  |TAMS 0x000000008af00000, 0x000000008af00000| Untracked 
| 176|0x000000008b000000, 0x000000008b000000, 0x000000008b100000|  0%| F|  |TAMS 0x000000008b000000, 0x000000008b000000| Untracked 
| 177|0x000000008b100000, 0x000000008b100000, 0x000000008b200000|  0%| F|  |TAMS 0x000000008b100000, 0x000000008b100000| Untracked 
| 178|0x000000008b200000, 0x000000008b200000, 0x000000008b300000|  0%| F|  |TAMS 0x000000008b200000, 0x000000008b200000| Untracked 
| 179|0x000000008b300000, 0x000000008b300000, 0x000000008b400000|  0%| F|  |TAMS 0x000000008b300000, 0x000000008b300000| Untracked 
| 180|0x000000008b400000, 0x000000008b400000, 0x000000008b500000|  0%| F|  |TAMS 0x000000008b400000, 0x000000008b400000| Untracked 
| 181|0x000000008b500000, 0x000000008b500000, 0x000000008b600000|  0%| F|  |TAMS 0x000000008b500000, 0x000000008b500000| Untracked 
| 182|0x000000008b600000, 0x000000008b600000, 0x000000008b700000|  0%| F|  |TAMS 0x000000008b600000, 0x000000008b600000| Untracked 
| 183|0x000000008b700000, 0x000000008b700000, 0x000000008b800000|  0%| F|  |TAMS 0x000000008b700000, 0x000000008b700000| Untracked 
| 184|0x000000008b800000, 0x000000008b800000, 0x000000008b900000|  0%| F|  |TAMS 0x000000008b800000, 0x000000008b800000| Untracked 
| 185|0x000000008b900000, 0x000000008b900000, 0x000000008ba00000|  0%| F|  |TAMS 0x000000008b900000, 0x000000008b900000| Untracked 
| 186|0x000000008ba00000, 0x000000008ba00000, 0x000000008bb00000|  0%| F|  |TAMS 0x000000008ba00000, 0x000000008ba00000| Untracked 
| 187|0x000000008bb00000, 0x000000008bbdaed8, 0x000000008bc00000| 85%| E|  |TAMS 0x000000008bb00000, 0x000000008bb00000| Complete 
| 188|0x000000008bc00000, 0x000000008bd00000, 0x000000008bd00000|100%| E|CS|TAMS 0x000000008bc00000, 0x000000008bc00000| Complete 
| 189|0x000000008bd00000, 0x000000008be00000, 0x000000008be00000|100%| E|CS|TAMS 0x000000008bd00000, 0x000000008bd00000| Complete 
| 190|0x000000008be00000, 0x000000008bf00000, 0x000000008bf00000|100%| E|CS|TAMS 0x000000008be00000, 0x000000008be00000| Complete 
| 191|0x000000008bf00000, 0x000000008c000000, 0x000000008c000000|100%| E|CS|TAMS 0x000000008bf00000, 0x000000008bf00000| Complete 
| 192|0x000000008c000000, 0x000000008c100000, 0x000000008c100000|100%| E|CS|TAMS 0x000000008c000000, 0x000000008c000000| Complete 
| 193|0x000000008c100000, 0x000000008c200000, 0x000000008c200000|100%| E|CS|TAMS 0x000000008c100000, 0x000000008c100000| Complete 
| 194|0x000000008c200000, 0x000000008c300000, 0x000000008c300000|100%| E|CS|TAMS 0x000000008c200000, 0x000000008c200000| Complete 
| 195|0x000000008c300000, 0x000000008c400000, 0x000000008c400000|100%| E|CS|TAMS 0x000000008c300000, 0x000000008c300000| Complete 
| 196|0x000000008c400000, 0x000000008c500000, 0x000000008c500000|100%| E|CS|TAMS 0x000000008c400000, 0x000000008c400000| Complete 
| 197|0x000000008c500000, 0x000000008c600000, 0x000000008c600000|100%| E|CS|TAMS 0x000000008c500000, 0x000000008c500000| Complete 
| 198|0x000000008c600000, 0x000000008c700000, 0x000000008c700000|100%| E|CS|TAMS 0x000000008c600000, 0x000000008c600000| Complete 
| 199|0x000000008c700000, 0x000000008c800000, 0x000000008c800000|100%| E|CS|TAMS 0x000000008c700000, 0x000000008c700000| Complete 
| 200|0x000000008c800000, 0x000000008c900000, 0x000000008c900000|100%| E|CS|TAMS 0x000000008c800000, 0x000000008c800000| Complete 
| 201|0x000000008c900000, 0x000000008ca00000, 0x000000008ca00000|100%| E|CS|TAMS 0x000000008c900000, 0x000000008c900000| Complete 
| 202|0x000000008ca00000, 0x000000008cb00000, 0x000000008cb00000|100%| E|CS|TAMS 0x000000008ca00000, 0x000000008ca00000| Complete 
| 203|0x000000008cb00000, 0x000000008cc00000, 0x000000008cc00000|100%| E|CS|TAMS 0x000000008cb00000, 0x000000008cb00000| Complete 
| 204|0x000000008cc00000, 0x000000008cd00000, 0x000000008cd00000|100%| E|CS|TAMS 0x000000008cc00000, 0x000000008cc00000| Complete 
| 205|0x000000008cd00000, 0x000000008ce00000, 0x000000008ce00000|100%| E|CS|TAMS 0x000000008cd00000, 0x000000008cd00000| Complete 
| 206|0x000000008ce00000, 0x000000008cf00000, 0x000000008cf00000|100%| E|CS|TAMS 0x000000008ce00000, 0x000000008ce00000| Complete 
| 207|0x000000008cf00000, 0x000000008d000000, 0x000000008d000000|100%| E|CS|TAMS 0x000000008cf00000, 0x000000008cf00000| Complete 
| 208|0x000000008d000000, 0x000000008d100000, 0x000000008d100000|100%| E|CS|TAMS 0x000000008d000000, 0x000000008d000000| Complete 
| 209|0x000000008d100000, 0x000000008d200000, 0x000000008d200000|100%| E|  |TAMS 0x000000008d100000, 0x000000008d100000| Complete 
| 210|0x000000008d200000, 0x000000008d300000, 0x000000008d300000|100%| E|CS|TAMS 0x000000008d200000, 0x000000008d200000| Complete 
| 211|0x000000008d300000, 0x000000008d400000, 0x000000008d400000|100%| E|CS|TAMS 0x000000008d300000, 0x000000008d300000| Complete 
| 212|0x000000008d400000, 0x000000008d500000, 0x000000008d500000|100%| E|CS|TAMS 0x000000008d400000, 0x000000008d400000| Complete 
| 213|0x000000008d500000, 0x000000008d600000, 0x000000008d600000|100%| E|CS|TAMS 0x000000008d500000, 0x000000008d500000| Complete 
| 214|0x000000008d600000, 0x000000008d700000, 0x000000008d700000|100%| E|CS|TAMS 0x000000008d600000, 0x000000008d600000| Complete 
| 215|0x000000008d700000, 0x000000008d800000, 0x000000008d800000|100%| E|CS|TAMS 0x000000008d700000, 0x000000008d700000| Complete 
| 216|0x000000008d800000, 0x000000008d900000, 0x000000008d900000|100%| E|CS|TAMS 0x000000008d800000, 0x000000008d800000| Complete 
| 217|0x000000008d900000, 0x000000008da00000, 0x000000008da00000|100%| E|CS|TAMS 0x000000008d900000, 0x000000008d900000| Complete 
| 218|0x000000008da00000, 0x000000008db00000, 0x000000008db00000|100%| E|CS|TAMS 0x000000008da00000, 0x000000008da00000| Complete 
| 219|0x000000008db00000, 0x000000008dc00000, 0x000000008dc00000|100%| E|CS|TAMS 0x000000008db00000, 0x000000008db00000| Complete 
| 220|0x000000008dc00000, 0x000000008dd00000, 0x000000008dd00000|100%| E|CS|TAMS 0x000000008dc00000, 0x000000008dc00000| Complete 
| 221|0x000000008dd00000, 0x000000008de00000, 0x000000008de00000|100%| E|CS|TAMS 0x000000008dd00000, 0x000000008dd00000| Complete 
| 222|0x000000008de00000, 0x000000008df00000, 0x000000008df00000|100%| E|CS|TAMS 0x000000008de00000, 0x000000008de00000| Complete 
| 223|0x000000008df00000, 0x000000008e000000, 0x000000008e000000|100%| E|CS|TAMS 0x000000008df00000, 0x000000008df00000| Complete 
| 224|0x000000008e000000, 0x000000008e100000, 0x000000008e100000|100%| E|CS|TAMS 0x000000008e000000, 0x000000008e000000| Complete 
| 225|0x000000008e100000, 0x000000008e200000, 0x000000008e200000|100%| E|CS|TAMS 0x000000008e100000, 0x000000008e100000| Complete 
| 226|0x000000008e200000, 0x000000008e300000, 0x000000008e300000|100%| E|CS|TAMS 0x000000008e200000, 0x000000008e200000| Complete 
| 227|0x000000008e300000, 0x000000008e400000, 0x000000008e400000|100%| E|CS|TAMS 0x000000008e300000, 0x000000008e300000| Complete 
| 228|0x000000008e400000, 0x000000008e500000, 0x000000008e500000|100%| E|CS|TAMS 0x000000008e400000, 0x000000008e400000| Complete 
| 229|0x000000008e500000, 0x000000008e600000, 0x000000008e600000|100%| E|CS|TAMS 0x000000008e500000, 0x000000008e500000| Complete 
| 230|0x000000008e600000, 0x000000008e700000, 0x000000008e700000|100%| E|CS|TAMS 0x000000008e600000, 0x000000008e600000| Complete 
| 231|0x000000008e700000, 0x000000008e800000, 0x000000008e800000|100%| E|CS|TAMS 0x000000008e700000, 0x000000008e700000| Complete 
| 232|0x000000008e800000, 0x000000008e900000, 0x000000008e900000|100%| E|CS|TAMS 0x000000008e800000, 0x000000008e800000| Complete 
| 233|0x000000008e900000, 0x000000008ea00000, 0x000000008ea00000|100%| E|CS|TAMS 0x000000008e900000, 0x000000008e900000| Complete 
| 234|0x000000008ea00000, 0x000000008eb00000, 0x000000008eb00000|100%| E|CS|TAMS 0x000000008ea00000, 0x000000008ea00000| Complete 
| 235|0x000000008eb00000, 0x000000008ec00000, 0x000000008ec00000|100%| E|CS|TAMS 0x000000008eb00000, 0x000000008eb00000| Complete 
| 236|0x000000008ec00000, 0x000000008ed00000, 0x000000008ed00000|100%| E|CS|TAMS 0x000000008ec00000, 0x000000008ec00000| Complete 
| 237|0x000000008ed00000, 0x000000008ee00000, 0x000000008ee00000|100%| E|CS|TAMS 0x000000008ed00000, 0x000000008ed00000| Complete 
| 238|0x000000008ee00000, 0x000000008ef00000, 0x000000008ef00000|100%| E|CS|TAMS 0x000000008ee00000, 0x000000008ee00000| Complete 
| 239|0x000000008ef00000, 0x000000008f000000, 0x000000008f000000|100%| E|CS|TAMS 0x000000008ef00000, 0x000000008ef00000| Complete 
| 240|0x000000008f000000, 0x000000008f100000, 0x000000008f100000|100%| E|CS|TAMS 0x000000008f000000, 0x000000008f000000| Complete 
| 241|0x000000008f100000, 0x000000008f200000, 0x000000008f200000|100%| E|CS|TAMS 0x000000008f100000, 0x000000008f100000| Complete 
| 242|0x000000008f200000, 0x000000008f300000, 0x000000008f300000|100%| E|CS|TAMS 0x000000008f200000, 0x000000008f200000| Complete 
| 243|0x000000008f300000, 0x000000008f3a1590, 0x000000008f400000| 63%| S|CS|TAMS 0x000000008f300000, 0x000000008f300000| Complete 
| 244|0x000000008f400000, 0x000000008f500000, 0x000000008f500000|100%| E|CS|TAMS 0x000000008f400000, 0x000000008f400000| Complete 
| 245|0x000000008f500000, 0x000000008f600000, 0x000000008f600000|100%| E|CS|TAMS 0x000000008f500000, 0x000000008f500000| Complete 
| 246|0x000000008f600000, 0x000000008f700000, 0x000000008f700000|100%| E|CS|TAMS 0x000000008f600000, 0x000000008f600000| Complete 
| 247|0x000000008f700000, 0x000000008f800000, 0x000000008f800000|100%| E|CS|TAMS 0x000000008f700000, 0x000000008f700000| Complete 
| 248|0x000000008f800000, 0x000000008f900000, 0x000000008f900000|100%| E|CS|TAMS 0x000000008f800000, 0x000000008f800000| Complete 
| 249|0x000000008f900000, 0x000000008fa00000, 0x000000008fa00000|100%| E|CS|TAMS 0x000000008f900000, 0x000000008f900000| Complete 
| 250|0x000000008fa00000, 0x000000008fb00000, 0x000000008fb00000|100%| E|CS|TAMS 0x000000008fa00000, 0x000000008fa00000| Complete 
| 251|0x000000008fb00000, 0x000000008fc00000, 0x000000008fc00000|100%| E|CS|TAMS 0x000000008fb00000, 0x000000008fb00000| Complete 
| 252|0x000000008fc00000, 0x000000008fd00000, 0x000000008fd00000|100%| E|CS|TAMS 0x000000008fc00000, 0x000000008fc00000| Complete 
| 253|0x000000008fd00000, 0x000000008fe00000, 0x000000008fe00000|100%| E|CS|TAMS 0x000000008fd00000, 0x000000008fd00000| Complete 

Card table byte_map: [0x0000016f7d8d0000,0x0000016f7dcd0000] _byte_map_base: 0x0000016f7d4d0000

Marking Bits (Prev, Next): (CMBitMap*) 0x0000016f69d4e0c8, (CMBitMap*) 0x0000016f69d4e100
 Prev Bits: [0x0000016f00000000, 0x0000016f02000000)
 Next Bits: [0x0000016f02000000, 0x0000016f04000000)

Polling page: 0x0000016f683e0000

Metaspace:

Usage:
  Non-class:    128.26 MB capacity,   124.76 MB ( 97%) used,     2.87 MB (  2%) free+waste,   634.88 KB ( <1%) overhead. 
      Class:     19.50 MB capacity,    17.56 MB ( 90%) used,     1.66 MB (  9%) free+waste,   281.06 KB (  1%) overhead. 
       Both:    147.76 MB capacity,   142.32 MB ( 96%) used,     4.54 MB (  3%) free+waste,   915.94 KB ( <1%) overhead. 

Virtual space:
  Non-class space:      130.00 MB reserved,     128.72 MB (>99%) committed 
      Class space:        1.00 GB reserved,      19.83 MB (  2%) committed 
             Both:        1.13 GB reserved,     148.55 MB ( 13%) committed 

Chunk freelists:
   Non-Class:  474.00 KB
       Class:  237.00 KB
        Both:  711.00 KB

MaxMetaspaceSize: 17179869184.00 GB
CompressedClassSpaceSize: 1.00 GB
Initial GC threshold: 20.80 MB
Current GC threshold: 247.58 MB
CDS: off

CodeHeap 'non-profiled nmethods': size=120000Kb used=21656Kb max_used=21656Kb free=98343Kb
 bounds [0x0000016f752f0000, 0x0000016f76820000, 0x0000016f7c820000]
CodeHeap 'profiled nmethods': size=120000Kb used=58103Kb max_used=58103Kb free=61897Kb
 bounds [0x0000016f6ddc0000, 0x0000016f71690000, 0x0000016f752f0000]
CodeHeap 'non-nmethods': size=5760Kb used=2504Kb max_used=2613Kb free=3255Kb
 bounds [0x0000016f6d820000, 0x0000016f6dab0000, 0x0000016f6ddc0000]
 total_blobs=27990 nmethods=26948 adapters=951
 compilation: enabled
              stopped_count=0, restarted_count=0
 full_count=0

Compilation events (20 events):
Event: 2443.002 Thread 0x0000016f7f6a5800 nmethod 30513 0x0000016f7167ee10 code [0x0000016f7167efe0, 0x0000016f7167f168]
Event: 2443.003 Thread 0x0000016f7f6a5800 30514       3       org.gradle.internal.logging.services.TextStreamOutputEventListener::onTextEvent (44 bytes)
Event: 2443.004 Thread 0x0000016f7f6a5800 nmethod 30514 0x0000016f7167f210 code [0x0000016f7167f460, 0x0000016f7167ffa8]
Event: 2443.005 Thread 0x0000016f7f6a5800 30516       3       org.gradle.internal.logging.events.StyledTextOutputEvent::render (55 bytes)
Event: 2443.005 Thread 0x0000016f7f6a5800 nmethod 30516 0x0000016f71680310 code [0x0000016f71680520, 0x0000016f71680ba8]
Event: 2443.005 Thread 0x0000016f7f6a5800 30515       3       org.gradle.internal.logging.services.LoggingBackedStyledTextOutput::doEndLine (102 bytes)
Event: 2443.006 Thread 0x0000016f7f6a5800 nmethod 30515 0x0000016f71680d90 code [0x0000016f716810e0, 0x0000016f71682688]
Event: 2443.017 Thread 0x0000016f7f6a5800 30517       3       org.gradle.internal.serialize.StackTraceElementPlaceholder::<init> (88 bytes)
Event: 2443.018 Thread 0x0000016f7f6a5800 nmethod 30517 0x0000016f71682e90 code [0x0000016f71683180, 0x0000016f71684098]
Event: 2443.018 Thread 0x0000016f7f6a5800 30521       3       java.lang.Class::reflectionData (43 bytes)
Event: 2443.018 Thread 0x0000016f7f6a5800 nmethod 30521 0x0000016f71684510 code [0x0000016f716846e0, 0x0000016f71684ab8]
Event: 2443.018 Thread 0x0000016f7f6a5800 30518       3       jdk.internal.reflect.ReflectionFactory::superHasAccessibleConstructor (165 bytes)
Event: 2443.019 Thread 0x0000016f7f6a5800 nmethod 30518 0x0000016f71684c10 code [0x0000016f71684ec0, 0x0000016f716857f8]
Event: 2443.019 Thread 0x0000016f7f6a5800 30519       3       jdk.internal.reflect.ReflectionFactory::packageEquals (66 bytes)
Event: 2443.020 Thread 0x0000016f7f6a5800 nmethod 30519 0x0000016f71685c10 code [0x0000016f71685f20, 0x0000016f716872e8]
Event: 2443.020 Thread 0x0000016f7f6a5800 30524   !   2       java.io.ObjectOutputStream::writeOrdinaryObject (175 bytes)
Event: 2443.020 Thread 0x0000016f7f6a5800 nmethod 30524 0x0000016f71687890 code [0x0000016f71687b00, 0x0000016f71688188]
Event: 2443.020 Thread 0x0000016f7f6a5800 30522       3       org.gradle.internal.logging.serializer.StyledTextOutputEventSerializer::write (86 bytes)
Event: 2443.020 Thread 0x0000016f7f6a5800 nmethod 30522 0x0000016f71688910 code [0x0000016f71688b40, 0x0000016f71689548]
Event: 2443.021 Thread 0x0000016f134c6800 30523   !   4       java.io.ObjectOutputStream::writeObject0 (619 bytes)

GC Heap History (20 events):
Event: 2049.067 GC heap before
{Heap before GC invocations=106 (full 0):
 garbage-first heap   total 260096K, used 134152K [0x0000000080000000, 0x0000000100000000)
  region size 1024K, 12 young (12288K), 8 survivors (8192K)
 Metaspace       used 145766K, capacity 151449K, committed 151600K, reserved 1181696K
  class space    used 18105K, capacity 20205K, committed 20304K, reserved 1048576K
}
Event: 2049.083 GC heap after
{Heap after GC invocations=107 (full 0):
 garbage-first heap   total 260096K, used 125613K [0x0000000080000000, 0x0000000100000000)
  region size 1024K, 2 young (2048K), 2 survivors (2048K)
 Metaspace       used 145766K, capacity 151449K, committed 151600K, reserved 1181696K
  class space    used 18105K, capacity 20205K, committed 20304K, reserved 1048576K
}
Event: 2049.272 GC heap before
{Heap before GC invocations=107 (full 0):
 garbage-first heap   total 260096K, used 138925K [0x0000000080000000, 0x0000000100000000)
  region size 1024K, 16 young (16384K), 2 survivors (2048K)
 Metaspace       used 145794K, capacity 151517K, committed 151856K, reserved 1181696K
  class space    used 18105K, capacity 20205K, committed 20304K, reserved 1048576K
}
Event: 2049.279 GC heap after
{Heap after GC invocations=108 (full 0):
 garbage-first heap   total 260096K, used 125348K [0x0000000080000000, 0x0000000100000000)
  region size 1024K, 1 young (1024K), 1 survivors (1024K)
 Metaspace       used 145794K, capacity 151517K, committed 151856K, reserved 1181696K
  class space    used 18105K, capacity 20205K, committed 20304K, reserved 1048576K
}
Event: 2153.901 GC heap before
{Heap before GC invocations=109 (full 0):
 garbage-first heap   total 260096K, used 216484K [0x0000000080000000, 0x0000000100000000)
  region size 1024K, 83 young (84992K), 1 survivors (1024K)
 Metaspace       used 145589K, capacity 151141K, committed 151856K, reserved 1181696K
  class space    used 18025K, capacity 20050K, committed 20304K, reserved 1048576K
}
Event: 2153.914 GC heap after
{Heap after GC invocations=110 (full 0):
 garbage-first heap   total 260096K, used 131759K [0x0000000080000000, 0x0000000100000000)
  region size 1024K, 9 young (9216K), 9 survivors (9216K)
 Metaspace       used 145589K, capacity 151141K, committed 151856K, reserved 1181696K
  class space    used 18025K, capacity 20050K, committed 20304K, reserved 1048576K
}
Event: 2153.926 GC heap before
{Heap before GC invocations=110 (full 0):
 garbage-first heap   total 260096K, used 134831K [0x0000000080000000, 0x0000000100000000)
  region size 1024K, 12 young (12288K), 9 survivors (9216K)
 Metaspace       used 145640K, capacity 151212K, committed 151856K, reserved 1181696K
  class space    used 18025K, capacity 20050K, committed 20304K, reserved 1048576K
}
Event: 2153.950 GC heap after
{Heap after GC invocations=111 (full 0):
 garbage-first heap   total 260096K, used 118954K [0x0000000080000000, 0x0000000100000000)
  region size 1024K, 2 young (2048K), 2 survivors (2048K)
 Metaspace       used 145640K, capacity 151212K, committed 151856K, reserved 1181696K
  class space    used 18025K, capacity 20050K, committed 20304K, reserved 1048576K
}
Event: 2154.114 GC heap before
{Heap before GC invocations=111 (full 0):
 garbage-first heap   total 260096K, used 131242K [0x0000000080000000, 0x0000000100000000)
  region size 1024K, 15 young (15360K), 2 survivors (2048K)
 Metaspace       used 145675K, capacity 151213K, committed 151856K, reserved 1181696K
  class space    used 18025K, capacity 20050K, committed 20304K, reserved 1048576K
}
Event: 2154.122 GC heap after
{Heap after GC invocations=112 (full 0):
 garbage-first heap   total 260096K, used 118487K [0x0000000080000000, 0x0000000100000000)
  region size 1024K, 1 young (1024K), 1 survivors (1024K)
 Metaspace       used 145675K, capacity 151213K, committed 151856K, reserved 1181696K
  class space    used 18025K, capacity 20050K, committed 20304K, reserved 1048576K
}
Event: 2240.701 GC heap before
{Heap before GC invocations=113 (full 0):
 garbage-first heap   total 260096K, used 216791K [0x0000000080000000, 0x0000000100000000)
  region size 1024K, 89 young (91136K), 1 survivors (1024K)
 Metaspace       used 145704K, capacity 151302K, committed 152112K, reserved 1181696K
  class space    used 18021K, capacity 20043K, committed 20304K, reserved 1048576K
}
Event: 2240.710 GC heap after
{Heap after GC invocations=114 (full 0):
 garbage-first heap   total 260096K, used 126194K [0x0000000080000000, 0x0000000100000000)
  region size 1024K, 9 young (9216K), 9 survivors (9216K)
 Metaspace       used 145704K, capacity 151302K, committed 152112K, reserved 1181696K
  class space    used 18021K, capacity 20043K, committed 20304K, reserved 1048576K
}
Event: 2240.752 GC heap before
{Heap before GC invocations=114 (full 0):
 garbage-first heap   total 260096K, used 128242K [0x0000000080000000, 0x0000000100000000)
  region size 1024K, 12 young (12288K), 9 survivors (9216K)
 Metaspace       used 145707K, capacity 151302K, committed 152112K, reserved 1181696K
  class space    used 18021K, capacity 20043K, committed 20304K, reserved 1048576K
}
Event: 2240.768 GC heap after
{Heap after GC invocations=115 (full 0):
 garbage-first heap   total 260096K, used 120565K [0x0000000080000000, 0x0000000100000000)
  region size 1024K, 2 young (2048K), 2 survivors (2048K)
 Metaspace       used 145707K, capacity 151302K, committed 152112K, reserved 1181696K
  class space    used 18021K, capacity 20043K, committed 20304K, reserved 1048576K
}
Event: 2240.890 GC heap before
{Heap before GC invocations=115 (full 0):
 garbage-first heap   total 260096K, used 128757K [0x0000000080000000, 0x0000000100000000)
  region size 1024K, 11 young (11264K), 2 survivors (2048K)
 Metaspace       used 145721K, capacity 151303K, committed 152112K, reserved 1181696K
  class space    used 18021K, capacity 20043K, committed 20304K, reserved 1048576K
}
Event: 2240.897 GC heap after
{Heap after GC invocations=116 (full 0):
 garbage-first heap   total 260096K, used 120044K [0x0000000080000000, 0x0000000100000000)
  region size 1024K, 1 young (1024K), 1 survivors (1024K)
 Metaspace       used 145721K, capacity 151303K, committed 152112K, reserved 1181696K
  class space    used 18021K, capacity 20043K, committed 20304K, reserved 1048576K
}
Event: 2392.040 GC heap before
{Heap before GC invocations=117 (full 0):
 garbage-first heap   total 260096K, used 221420K [0x0000000080000000, 0x0000000100000000)
  region size 1024K, 92 young (94208K), 1 survivors (1024K)
 Metaspace       used 145647K, capacity 151149K, committed 152112K, reserved 1181696K
  class space    used 17981K, capacity 19964K, committed 20304K, reserved 1048576K
}
Event: 2392.044 GC heap after
{Heap after GC invocations=118 (full 0):
 garbage-first heap   total 260096K, used 121361K [0x0000000080000000, 0x0000000100000000)
  region size 1024K, 2 young (2048K), 2 survivors (2048K)
 Metaspace       used 145647K, capacity 151149K, committed 152112K, reserved 1181696K
  class space    used 17981K, capacity 19964K, committed 20304K, reserved 1048576K
}
Event: 2392.089 GC heap before
{Heap before GC invocations=118 (full 0):
 garbage-first heap   total 260096K, used 131601K [0x0000000080000000, 0x0000000100000000)
  region size 1024K, 12 young (12288K), 2 survivors (2048K)
 Metaspace       used 145653K, capacity 151213K, committed 152112K, reserved 1181696K
  class space    used 17981K, capacity 19964K, committed 20304K, reserved 1048576K
}
Event: 2392.097 GC heap after
{Heap after GC invocations=119 (full 0):
 garbage-first heap   total 260096K, used 114760K [0x0000000080000000, 0x0000000100000000)
  region size 1024K, 1 young (1024K), 1 survivors (1024K)
 Metaspace       used 145653K, capacity 151213K, committed 152112K, reserved 1181696K
  class space    used 17981K, capacity 19964K, committed 20304K, reserved 1048576K
}

Deoptimization events (20 events):
Event: 2443.002 Thread 0x0000016f0cd87000 Uncommon trap: trap_request=0xffffff4d fr.pc=0x0000016f754ade50 relative=0x00000000000003f0
Event: 2443.002 Thread 0x0000016f0cd87000 Uncommon trap: reason=unstable_if action=reinterpret pc=0x0000016f754ade50 method=java.lang.ref.SoftReference.get()Ljava/lang/Object; @ 6 c2
Event: 2443.002 Thread 0x0000016f0cd87000 DEOPT PACKING pc=0x0000016f754ade50 sp=0x00000059325fd020
Event: 2443.002 Thread 0x0000016f0cd87000 DEOPT UNPACKING pc=0x0000016f6d86a1af sp=0x00000059325fcf70 mode 2
Event: 2443.017 Thread 0x0000016f084f3000 Uncommon trap: trap_request=0xffffff6e fr.pc=0x0000016f76260908 relative=0x0000000000006248
Event: 2443.017 Thread 0x0000016f084f3000 Uncommon trap: reason=speculate_class_check action=maybe_recompile pc=0x0000016f76260908 method=java.io.ObjectOutputStream.writeNonProxyDesc(Ljava/io/ObjectStreamClass;Z)V @ 44 c2
Event: 2443.017 Thread 0x0000016f084f3000 DEOPT PACKING pc=0x0000016f76260908 sp=0x00000059322fdcc0
Event: 2443.017 Thread 0x0000016f084f3000 DEOPT UNPACKING pc=0x0000016f6d86a1af sp=0x00000059322fdb38 mode 2
Event: 2443.017 Thread 0x0000016f084f3000 Uncommon trap: trap_request=0xffffffc6 fr.pc=0x0000016f758b5848 relative=0x0000000000000c48
Event: 2443.017 Thread 0x0000016f084f3000 Uncommon trap: reason=bimorphic_or_optimized_type_check action=maybe_recompile pc=0x0000016f758b5848 method=com.google.common.cache.LocalCache$Segment.get(Ljava/lang/Object;I)Ljava/lang/Object; @ 44 c2
Event: 2443.017 Thread 0x0000016f084f3000 DEOPT PACKING pc=0x0000016f758b5848 sp=0x00000059322fd710
Event: 2443.017 Thread 0x0000016f084f3000 DEOPT UNPACKING pc=0x0000016f6d86a1af sp=0x00000059322fd660 mode 2
Event: 2443.019 Thread 0x0000016f084f3000 Uncommon trap: trap_request=0xffffff6e fr.pc=0x0000016f7627cbe4 relative=0x0000000000006464
Event: 2443.019 Thread 0x0000016f084f3000 Uncommon trap: reason=speculate_class_check action=maybe_recompile pc=0x0000016f7627cbe4 method=java.io.ObjectOutputStream.writeNonProxyDesc(Ljava/io/ObjectStreamClass;Z)V @ 44 c2
Event: 2443.019 Thread 0x0000016f084f3000 DEOPT PACKING pc=0x0000016f7627cbe4 sp=0x00000059322fd020
Event: 2443.019 Thread 0x0000016f084f3000 DEOPT UNPACKING pc=0x0000016f6d86a1af sp=0x00000059322fcf70 mode 2
Event: 2443.020 Thread 0x0000016f084f3000 Uncommon trap: trap_request=0xffffff6e fr.pc=0x0000016f76260908 relative=0x0000000000006248
Event: 2443.020 Thread 0x0000016f084f3000 Uncommon trap: reason=speculate_class_check action=maybe_recompile pc=0x0000016f76260908 method=java.io.ObjectOutputStream.writeNonProxyDesc(Ljava/io/ObjectStreamClass;Z)V @ 44 c2
Event: 2443.020 Thread 0x0000016f084f3000 DEOPT PACKING pc=0x0000016f76260908 sp=0x00000059322fdfa0
Event: 2443.020 Thread 0x0000016f084f3000 DEOPT UNPACKING pc=0x0000016f6d86a1af sp=0x00000059322fde18 mode 2

Classes redefined (0 events):
No events

Internal exceptions (20 events):
Event: 2262.952 Thread 0x0000016f084f3000 Exception <a 'sun/nio/fs/WindowsException'{0x000000008cfca3a0}> (0x000000008cfca3a0) thrown at [./src/hotspot/share/prims/jni.cpp, line 615]
Event: 2263.240 Thread 0x0000016f0e365000 Exception <a 'sun/nio/fs/WindowsException'{0x000000008b249138}> (0x000000008b249138) thrown at [./src/hotspot/share/prims/jni.cpp, line 615]
Event: 2263.242 Thread 0x0000016f084f3000 Exception <a 'sun/nio/fs/WindowsException'{0x000000008b252108}> (0x000000008b252108) thrown at [./src/hotspot/share/prims/jni.cpp, line 615]
Event: 2263.242 Thread 0x0000016f084f3000 Exception <a 'sun/nio/fs/WindowsException'{0x000000008b252188}> (0x000000008b252188) thrown at [./src/hotspot/share/prims/jni.cpp, line 615]
Event: 2263.243 Thread 0x0000016f084f3000 Exception <a 'sun/nio/fs/WindowsException'{0x000000008b253a30}> (0x000000008b253a30) thrown at [./src/hotspot/share/prims/jni.cpp, line 615]
Event: 2392.101 Thread 0x0000016f084f3000 Exception <a 'sun/nio/fs/WindowsException'{0x000000008fc0a968}> (0x000000008fc0a968) thrown at [./src/hotspot/share/prims/jni.cpp, line 615]
Event: 2392.165 Thread 0x0000016f084f3000 Exception <a 'sun/nio/fs/WindowsException'{0x000000008f1f8e40}> (0x000000008f1f8e40) thrown at [./src/hotspot/share/prims/jni.cpp, line 615]
Event: 2392.173 Thread 0x0000016f084f3000 Exception <a 'sun/nio/fs/WindowsException'{0x000000008f0948d0}> (0x000000008f0948d0) thrown at [./src/hotspot/share/prims/jni.cpp, line 615]
Event: 2392.173 Thread 0x0000016f084f3000 Exception <a 'sun/nio/fs/WindowsException'{0x000000008f095b28}> (0x000000008f095b28) thrown at [./src/hotspot/share/prims/jni.cpp, line 615]
Event: 2392.173 Thread 0x0000016f084f3000 Exception <a 'sun/nio/fs/WindowsException'{0x000000008f096dd0}> (0x000000008f096dd0) thrown at [./src/hotspot/share/prims/jni.cpp, line 615]
Event: 2392.173 Thread 0x0000016f084f3000 Exception <a 'sun/nio/fs/WindowsException'{0x000000008f098078}> (0x000000008f098078) thrown at [./src/hotspot/share/prims/jni.cpp, line 615]
Event: 2392.214 Thread 0x0000016f084f3000 Exception <a 'sun/nio/fs/WindowsException'{0x000000008ea04930}> (0x000000008ea04930) thrown at [./src/hotspot/share/prims/jni.cpp, line 615]
Event: 2392.390 Thread 0x0000016f0cd88800 Exception <a 'sun/nio/fs/WindowsException'{0x000000008cd81278}> (0x000000008cd81278) thrown at [./src/hotspot/share/prims/jni.cpp, line 615]
Event: 2392.391 Thread 0x0000016f084f3000 Exception <a 'sun/nio/fs/WindowsException'{0x000000008ea223e0}> (0x000000008ea223e0) thrown at [./src/hotspot/share/prims/jni.cpp, line 615]
Event: 2392.391 Thread 0x0000016f084f3000 Exception <a 'sun/nio/fs/WindowsException'{0x000000008ea22460}> (0x000000008ea22460) thrown at [./src/hotspot/share/prims/jni.cpp, line 615]
Event: 2392.392 Thread 0x0000016f084f3000 Exception <a 'sun/nio/fs/WindowsException'{0x000000008ea23d08}> (0x000000008ea23d08) thrown at [./src/hotspot/share/prims/jni.cpp, line 615]
Event: 2443.001 Thread 0x0000016f084f3000 Exception <a 'java/lang/OutOfMemoryError'{0x000000008bff1420}: unable to create native thread: possibly out of memory or process/resource limits reached> (0x000000008bff1420) thrown at [./src/hotspot/share/prims/jvm.cpp, line 2924]
Event: 2443.002 Thread 0x0000016f0cd87000 Implicit null exception at 0x0000016f761c204e to 0x0000016f761c26ac
Event: 2443.002 Thread 0x0000016f0cd87000 Implicit null exception at 0x0000016f754adac6 to 0x0000016f754ade3c
Event: 2443.003 Thread 0x0000016f0cd87000 Exception <a 'java/lang/NoSuchMethodError'{0x000000008bd787c8}: <clinit>> (0x000000008bd787c8) thrown at [./src/hotspot/share/prims/jni.cpp, line 1365]

Events (20 events):
Event: 2443.000 Thread 0x0000016f0cda4800 Thread added: 0x0000016f0cda4800
Event: 2443.000 Thread 0x0000016f134c4000 Thread added: 0x0000016f134c4000
Event: 2443.000 Thread 0x0000016f134c5000 Thread added: 0x0000016f134c5000
Event: 2443.000 Thread 0x0000016f134c8000 Thread added: 0x0000016f134c8000
Event: 2443.000 Thread 0x0000016f134ca800 Thread added: 0x0000016f134ca800
Event: 2443.000 Thread 0x0000016f134cb800 Thread added: 0x0000016f134cb800
Event: 2443.000 Thread 0x0000016f134c9000 Thread added: 0x0000016f134c9000
Event: 2443.001 Executing VM operation: RevokeBias
Event: 2443.001 Executing coalesced safepoint VM operation: RevokeBias
Event: 2443.001 Executing coalesced safepoint VM operation: RevokeBias done
Event: 2443.001 Executing VM operation: RevokeBias done
Event: 2443.002 Executing VM operation: RevokeBias
Event: 2443.003 Executing VM operation: RevokeBias done
Event: 2443.010 Thread 0x0000016f0cd8d800 Thread exited: 0x0000016f0cd8d800
Event: 2443.011 Thread 0x0000016f0cd8a000 Thread exited: 0x0000016f0cd8a000
Event: 2443.012 Thread 0x0000016f0cd8f000 Thread exited: 0x0000016f0cd8f000
Event: 2443.020 Thread 0x0000016f134c6800 Thread added: 0x0000016f134c6800
Event: 2443.021 Thread 0x0000016f0cd8e800 Thread exited: 0x0000016f0cd8e800
Event: 2443.021 Thread 0x0000016f0cd88800 Thread exited: 0x0000016f0cd88800
Event: 2443.022 Thread 0x0000016f0cd90000 Thread exited: 0x0000016f0cd90000


Dynamic libraries:
0x00007ff707720000 - 0x00007ff70772a000 	C:\Program Files\Android\Android Studio\jre\bin\java.exe
0x00007fff77570000 - 0x00007fff77765000 	C:\Windows\SYSTEM32\ntdll.dll
0x00007fff76cc0000 - 0x00007fff76d7d000 	C:\Windows\System32\KERNEL32.DLL
0x00007fff74e60000 - 0x00007fff7512d000 	C:\Windows\System32\KERNELBASE.dll
0x00007fff75390000 - 0x00007fff75490000 	C:\Windows\System32\ucrtbase.dll
0x00007fff605e0000 - 0x00007fff605f9000 	C:\Program Files\Android\Android Studio\jre\bin\jli.dll
0x00007fff61480000 - 0x00007fff61497000 	C:\Program Files\Android\Android Studio\jre\bin\VCRUNTIME140.dll
0x00007fff77390000 - 0x00007fff77530000 	C:\Windows\System32\USER32.dll
0x00007fff55cd0000 - 0x00007fff55f6a000 	C:\Windows\WinSxS\amd64_microsoft.windows.common-controls_6595b64144ccf1df_6.0.19041.1110_none_60b5254171f9507e\COMCTL32.dll
0x00007fff74c80000 - 0x00007fff74ca2000 	C:\Windows\System32\win32u.dll
0x00007fff755c0000 - 0x00007fff7565e000 	C:\Windows\System32\msvcrt.dll
0x00007fff76560000 - 0x00007fff7658a000 	C:\Windows\System32\GDI32.dll
0x00007fff751e0000 - 0x00007fff752eb000 	C:\Windows\System32\gdi32full.dll
0x00007fff752f0000 - 0x00007fff7538d000 	C:\Windows\System32\msvcp_win.dll
0x00007fff76e20000 - 0x00007fff76e50000 	C:\Windows\System32\IMM32.DLL
0x00007ffee78c0000 - 0x00007ffee795d000 	C:\Program Files\Android\Android Studio\jre\bin\msvcp140.dll
0x00007ffee3fd0000 - 0x00007ffee4ab5000 	C:\Program Files\Android\Android Studio\jre\bin\server\jvm.dll
0x00007fff75cd0000 - 0x00007fff75d7e000 	C:\Windows\System32\ADVAPI32.dll
0x00007fff76d80000 - 0x00007fff76e1c000 	C:\Windows\System32\sechost.dll
0x00007fff76b90000 - 0x00007fff76cb5000 	C:\Windows\System32\RPCRT4.dll
0x00007fff75d90000 - 0x00007fff75d98000 	C:\Windows\System32\PSAPI.DLL
0x00007fff4e510000 - 0x00007fff4e519000 	C:\Windows\SYSTEM32\WSOCK32.dll
0x00007fff6fce0000 - 0x00007fff6fd07000 	C:\Windows\SYSTEM32\WINMM.dll
0x00007fff6f870000 - 0x00007fff6f87a000 	C:\Windows\SYSTEM32\VERSION.dll
0x00007fff764f0000 - 0x00007fff7655b000 	C:\Windows\System32\WS2_32.dll
0x00007fff72b80000 - 0x00007fff72b92000 	C:\Windows\SYSTEM32\kernel.appcore.dll
0x00007fff16420000 - 0x00007fff16431000 	C:\Program Files\Android\Android Studio\jre\bin\verify.dll
0x00007fff6dfb0000 - 0x00007fff6e194000 	C:\Windows\SYSTEM32\DBGHELP.DLL
0x00007fff5ea50000 - 0x00007fff5ea7c000 	C:\Windows\SYSTEM32\dbgcore.DLL
0x00007fff75490000 - 0x00007fff75512000 	C:\Windows\System32\bcryptPrimitives.dll
0x00007fff10650000 - 0x00007fff10679000 	C:\Program Files\Android\Android Studio\jre\bin\java.dll
0x00007fff45d90000 - 0x00007fff45d9b000 	C:\Program Files\Android\Android Studio\jre\bin\jimage.dll
0x00007fff13c00000 - 0x00007fff13c18000 	C:\Program Files\Android\Android Studio\jre\bin\zip.dll
0x00007fff75da0000 - 0x00007fff764e4000 	C:\Windows\System32\SHELL32.dll
0x00007fff72d80000 - 0x00007fff73514000 	C:\Windows\SYSTEM32\windows.storage.dll
0x00007fff76f20000 - 0x00007fff77274000 	C:\Windows\System32\combase.dll
0x00007fff746e0000 - 0x00007fff7470c000 	C:\Windows\SYSTEM32\Wldp.dll
0x00007fff75990000 - 0x00007fff75a3d000 	C:\Windows\System32\SHCORE.dll
0x00007fff76b30000 - 0x00007fff76b85000 	C:\Windows\System32\shlwapi.dll
0x00007fff74bc0000 - 0x00007fff74bdf000 	C:\Windows\SYSTEM32\profapi.dll
0x00007fff12230000 - 0x00007fff1224a000 	C:\Program Files\Android\Android Studio\jre\bin\net.dll
0x00007fff6d8b0000 - 0x00007fff6d9ba000 	C:\Windows\SYSTEM32\WINHTTP.dll
0x00007fff74440000 - 0x00007fff744aa000 	C:\Windows\system32\mswsock.dll
0x00007fff11030000 - 0x00007fff11044000 	C:\Program Files\Android\Android Studio\jre\bin\nio.dll
0x00007fff63d10000 - 0x00007fff63d37000 	C:\Users\diaah\.gradle\native\e1d6ef7f7dcc3fd88c89a11ec53ec762bb8ba0a96d01ffa2cd45eb1d1d8dd5c5\windows-amd64\native-platform.dll
0x00007ffedf590000 - 0x00007ffedf6d4000 	C:\Users\diaah\.gradle\native\5664cfc778a61ccfe75a443a1ab52a65af34e5dc3c78e0209fed803814484fcb\windows-amd64\native-platform-file-events.dll
0x00007fff45c20000 - 0x00007fff45c2a000 	C:\Program Files\Android\Android Studio\jre\bin\management.dll
0x00007fff42200000 - 0x00007fff4220d000 	C:\Program Files\Android\Android Studio\jre\bin\management_ext.dll
0x00007fff74630000 - 0x00007fff74648000 	C:\Windows\SYSTEM32\CRYPTSP.dll
0x00007fff73d50000 - 0x00007fff73d84000 	C:\Windows\system32\rsaenh.dll
0x00007fff75590000 - 0x00007fff755b7000 	C:\Windows\System32\bcrypt.dll
0x00007fff74b40000 - 0x00007fff74b6e000 	C:\Windows\SYSTEM32\USERENV.dll
0x00007fff74650000 - 0x00007fff7465c000 	C:\Windows\SYSTEM32\CRYPTBASE.dll
0x00007fff740e0000 - 0x00007fff7411b000 	C:\Windows\SYSTEM32\IPHLPAPI.DLL
0x00007fff75d80000 - 0x00007fff75d88000 	C:\Windows\System32\NSI.dll
0x00007fff6f110000 - 0x00007fff6f127000 	C:\Windows\SYSTEM32\dhcpcsvc6.DLL
0x00007fff6f0f0000 - 0x00007fff6f10d000 	C:\Windows\SYSTEM32\dhcpcsvc.DLL
0x00007fff74120000 - 0x00007fff741eb000 	C:\Windows\SYSTEM32\DNSAPI.dll
0x00007fff73aa0000 - 0x00007fff73ad3000 	C:\Windows\SYSTEM32\ntmarta.dll
0x00007fff59f00000 - 0x00007fff59f1e000 	C:\Users\diaah\AppData\Local\Temp\native-platform8905751882502856384dir\native-platform.dll
0x00007fff614f0000 - 0x00007fff614f8000 	C:\Program Files\Android\Android Studio\jre\bin\rmi.dll
0x00007fff47780000 - 0x00007fff47797000 	C:\Windows\system32\napinsp.dll
0x00007fff46a30000 - 0x00007fff46a4b000 	C:\Windows\system32\pnrpnsp.dll
0x00007fff57750000 - 0x00007fff57765000 	C:\Windows\system32\wshbth.dll
0x00007fff71840000 - 0x00007fff7185d000 	C:\Windows\system32\NLAapi.dll
0x00007fff469e0000 - 0x00007fff469f2000 	C:\Windows\System32\winrnr.dll
0x00007fff6c460000 - 0x00007fff6c46a000 	C:\Windows\System32\rasadhlp.dll
0x00007fff6a280000 - 0x00007fff6a300000 	C:\Windows\System32\fwpuclnt.dll
0x00007ffef7540000 - 0x00007ffef7567000 	C:\Program Files\Android\Android Studio\jre\bin\sunec.dll

dbghelp: loaded successfully - version: 4.0.5 - missing functions: none
symbol engine: initialized successfully - sym options: 0x614 - pdb path: .;C:\Program Files\Android\Android Studio\jre\bin;C:\Windows\SYSTEM32;C:\Windows\WinSxS\amd64_microsoft.windows.common-controls_6595b64144ccf1df_6.0.19041.1110_none_60b5254171f9507e;C:\Program Files\Android\Android Studio\jre\bin\server;C:\Users\diaah\.gradle\native\e1d6ef7f7dcc3fd88c89a11ec53ec762bb8ba0a96d01ffa2cd45eb1d1d8dd5c5\windows-amd64;C:\Users\diaah\.gradle\native\5664cfc778a61ccfe75a443a1ab52a65af34e5dc3c78e0209fed803814484fcb\windows-amd64;C:\Users\diaah\AppData\Local\Temp\native-platform8905751882502856384dir

VM Arguments:
jvm_args: --add-opens=java.base/java.util=ALL-UNNAMED --add-opens=java.base/java.lang=ALL-UNNAMED --add-opens=java.base/java.lang.invoke=ALL-UNNAMED --add-opens=java.base/java.util=ALL-UNNAMED --add-opens=java.prefs/java.util.prefs=ALL-UNNAMED --add-opens=java.prefs/java.util.prefs=ALL-UNNAMED --add-opens=java.base/java.nio.charset=ALL-UNNAMED --add-opens=java.base/java.net=ALL-UNNAMED --add-opens=java.base/java.util.concurrent.atomic=ALL-UNNAMED -Xmx2048m -Dfile.encoding=UTF-8 -Duser.country=US -Duser.language=en -Duser.variant 
java_command: org.gradle.launcher.daemon.bootstrap.GradleDaemon 7.3.3
java_class_path (initial): C:\Users\diaah\.gradle\wrapper\dists\gradle-7.3.3-bin\6a41zxkdtcxs8rphpq6y0069z\gradle-7.3.3\lib\gradle-launcher-7.3.3.jar
Launcher Type: SUN_STANDARD

[Global flags]
     intx CICompilerCount                          = 4                                         {product} {ergonomic}
     uint ConcGCThreads                            = 3                                         {product} {ergonomic}
     uint G1ConcRefinementThreads                  = 10                                        {product} {ergonomic}
   size_t G1HeapRegionSize                         = 1048576                                   {product} {ergonomic}
    uintx GCDrainStackTargetSize                   = 64                                        {product} {ergonomic}
   size_t InitialHeapSize                          = 266338304                                 {product} {ergonomic}
   size_t MarkStackSize                            = 4194304                                   {product} {ergonomic}
   size_t MaxHeapSize                              = 2147483648                                {product} {command line}
   size_t MaxNewSize                               = 1287651328                                {product} {ergonomic}
   size_t MinHeapDeltaBytes                        = 1048576                                   {product} {ergonomic}
    uintx NonNMethodCodeHeapSize                   = 5836300                                {pd product} {ergonomic}
    uintx NonProfiledCodeHeapSize                  = 122910970                              {pd product} {ergonomic}
    uintx ProfiledCodeHeapSize                     = 122910970                              {pd product} {ergonomic}
    uintx ReservedCodeCacheSize                    = 251658240                              {pd product} {ergonomic}
     bool SegmentedCodeCache                       = true                                      {product} {ergonomic}
     bool UseCompressedClassPointers               = true                                 {lp64_product} {ergonomic}
     bool UseCompressedOops                        = true                                 {lp64_product} {ergonomic}
     bool UseG1GC                                  = true                                      {product} {ergonomic}
     bool UseLargePagesIndividualAllocation        = false                                  {pd product} {ergonomic}

Logging:
Log output configuration:
 #0: stdout all=warning uptime,level,tags
 #1: stderr all=off uptime,level,tags

Environment Variables:
PATH=C:\Program Files\Common Files\Oracle\Java\javapath;C:\ProgramData\Oracle\Java\javapath;C:\Windows\system32;C:\Windows;C:\Windows\System32\Wbem;C:\Windows\System32\WindowsPowerShell\v1.0\;C:\Windows\System32\OpenSSH\;C:\Program Files (x86)\NVIDIA Corporation\PhysX\Common;C:\Program Files\NVIDIA Corporation\NVIDIA NvDLISR;D:\git\Git\cmd;C:\Users\diaah\AppData\Local\Microsoft\WindowsApps
USERNAME=diaa
OS=Windows_NT
PROCESSOR_IDENTIFIER=Intel64 Family 6 Model 165 Stepping 2, GenuineIntel



---------------  S Y S T E M  ---------------

OS: Windows 10 , 64 bit Build 19041 (10.0.19041.1706)
OS uptime: 2 days 7:54 hours

CPU:total 12 (initial active 12) (6 cores per cpu, 2 threads per core) family 6 model 165 stepping 2 microcode 0xe2, cmov, cx8, fxsr, mmx, sse, sse2, sse3, ssse3, sse4.1, sse4.2, popcnt, avx, avx2, aes, clmul, erms, 3dnowpref, lzcnt, ht, tsc, tscinvbit, bmi1, bmi2, adx, fma

Memory: 4k page, system-wide physical 16205M (2273M free)
TotalPageFile size 16205M (AvailPageFile size 5M)
current process WorkingSet (physical memory assigned to process): 623M, peak: 697M
current process commit charge ("private bytes"): 720M, peak: 738M

vm_info: OpenJDK 64-Bit Server VM (11.0.12+7-b1504.28-7817840) for windows-amd64 JRE (11.0.12+7-b1504.28-7817840), built on Oct 13 2021 22:12:33 by "builder" with MS VC++ 14.0 (VS2015)

END.
